#
# There is insufficient memory for the Java Runtime Environment to continue.
# Native memory allocation (malloc) failed to allocate 65552 bytes. Error detail: Chunk::new
# Possible reasons:
#   The system is out of physical RAM or swap space
#   This process is running with CompressedOops enabled, and the Java Heap may be blocking the growth of the native heap
# Possible solutions:
#   Reduce memory load on the system
#   Increase physical memory or swap space
#   Check if swap backing store is full
#   Decrease Java heap size (-Xmx/-Xms)
#   Decrease number of Java threads
#   Decrease Java thread stack sizes (-Xss)
#   Set larger code cache with -XX:ReservedCodeCacheSize=
#   JVM is running with Unscaled Compressed Oops mode in which the Java heap is
#     placed in the first 4GB address space. The Java Heap base address is the
#     maximum limit for the native heap growth. Please use -XX:HeapBaseMinAddress
#     to set the Java Heap base and to place the Java Heap above 4GB virtual address.
# This output file may be truncated or incomplete.
#
#  Out of Memory Error (arena.cpp:168), pid=2908, tid=13452
#
# JRE version: OpenJDK Runtime Environment Temurin-21.0.8+9 (21.0.8+9) (build 21.0.8+9-LTS)
# Java VM: OpenJDK 64-Bit Server VM Temurin-21.0.8+9 (21.0.8+9-LTS, mixed mode, sharing, tiered, compressed oops, compressed class ptrs, parallel gc, windows-amd64)
# No core dump will be written. Minidumps are not enabled by default on client versions of Windows
#

---------------  S U M M A R Y ------------

Command Line: --add-modules=ALL-SYSTEM --add-opens=java.base/java.util=ALL-UNNAMED --add-opens=java.base/java.lang=ALL-UNNAMED --add-opens=java.base/sun.nio.fs=ALL-UNNAMED -Declipse.application=org.eclipse.jdt.ls.core.id1 -Dosgi.bundles.defaultStartLevel=4 -Declipse.product=org.eclipse.jdt.ls.core.product -Djava.import.generatesMetadataFilesAtProjectRoot=false -DDetectVMInstallationsJob.disabled=true -Dfile.encoding=utf8 -XX:+UseParallelGC -XX:GCTimeRatio=4 -XX:AdaptiveSizePolicyWeight=90 -Dsun.zip.disableMemoryMapping=true -Xmx2G -Xms100m -Xlog:disable -javaagent:c:\Users\murum\.vscode\extensions\redhat.java-1.46.0-win32-x64\lombok\lombok-1.18.39-4050.jar -XX:+HeapDumpOnOutOfMemoryError -XX:HeapDumpPath=c:\Users\murum\AppData\Roaming\Code\User\workspaceStorage\e6e2e0598e42d56deb2504da3df6b146\redhat.java -Daether.dependencyCollector.impl=bf c:\Users\murum\.vscode\extensions\redhat.java-1.46.0-win32-x64\server\plugins\org.eclipse.equinox.launcher_1.7.0.v20250519-0528.jar -configuration c:\Users\murum\AppData\Roaming\Code\User\globalStorage\redhat.java\1.46.0\config_win -data c:\Users\murum\AppData\Roaming\Code\User\workspaceStorage\e6e2e0598e42d56deb2504da3df6b146\redhat.java\jdt_ws --pipe=\\.\pipe\lsp-fa7252996be2107e777a5abfc75952c9-sock

Host: 11th Gen Intel(R) Core(TM) i5-1135G7 @ 2.40GHz, 8 cores, 7G,  Windows 11 , 64 bit Build 22621 (10.0.22621.5415)
Time: Mon Oct 27 13:15:27 2025 India Standard Time elapsed time: 10.700836 seconds (0d 0h 0m 10s)

---------------  T H R E A D  ---------------

Current thread (0x0000012a4846b9e0):  JavaThread "C2 CompilerThread1" daemon [_thread_in_native, id=13452, stack(0x00000011e7f00000,0x00000011e8000000) (1024K)]


Current CompileTask:
C2:10700 8260       4       com.google.gson.internal.bind.TypeAdapters$15::read (6 bytes)

Stack: [0x00000011e7f00000,0x00000011e8000000]
Native frames: (J=compiled Java code, j=interpreted, Vv=VM code, C=native code)
V  [jvm.dll+0x6d2449]
V  [jvm.dll+0x8ae341]
V  [jvm.dll+0x8b08be]
V  [jvm.dll+0x8b0fa3]
V  [jvm.dll+0x280c96]
V  [jvm.dll+0xc581d]
V  [jvm.dll+0xc5d53]
V  [jvm.dll+0xc5945]
V  [jvm.dll+0x141af6]
V  [jvm.dll+0x71ea08]
V  [jvm.dll+0x71f195]
V  [jvm.dll+0x71d3f1]
V  [jvm.dll+0x1e1146]
V  [jvm.dll+0x249022]
V  [jvm.dll+0x2484af]
V  [jvm.dll+0x1c89ee]
V  [jvm.dll+0x257d4d]
V  [jvm.dll+0x2562ea]
V  [jvm.dll+0x3f2d16]
V  [jvm.dll+0x857e6b]
V  [jvm.dll+0x6d0b0d]
C  [ucrtbase.dll+0x29333]
C  [KERNEL32.DLL+0x1259d]
C  [ntdll.dll+0x5af78]


---------------  P R O C E S S  ---------------

Threads class SMR info:
_java_thread_list=0x0000012a48a6bd10, length=70, elements={
0x0000012a63a4eb00, 0x0000012a7a4aedc0, 0x0000012a7a4b07b0, 0x0000012a7a4b3b50,
0x0000012a7a4b4b50, 0x0000012a7a4b68c0, 0x0000012a7a4b9c20, 0x0000012a7a4ca410,
0x0000012a7a4ceac0, 0x0000012a7a4ee940, 0x0000012a45405180, 0x0000012a45bac5d0,
0x0000012a45e70770, 0x0000012a45f62fb0, 0x0000012a45e676b0, 0x0000012a4595c0c0,
0x0000012a453ec3a0, 0x0000012a464d28a0, 0x0000012a464d2f30, 0x0000012a464d0140,
0x0000012a464d2210, 0x0000012a464d1b80, 0x0000012a464cfab0, 0x0000012a464d14f0,
0x0000012a464d07d0, 0x0000012a47c63ac0, 0x0000012a47c62080, 0x0000012a47c64e70,
0x0000012a47c63430, 0x0000012a47c5ec00, 0x0000012a47c64150, 0x0000012a47c619f0,
0x0000012a47c61360, 0x0000012a47c647e0, 0x0000012a47c5dee0, 0x0000012a47c65500,
0x0000012a47c62710, 0x0000012a47c62da0, 0x0000012a47c5ffb0, 0x0000012a47c5e570,
0x0000012a47c5f290, 0x0000012a47c5f920, 0x0000012a47c60640, 0x0000012a47c60cd0,
0x0000012a46b99380, 0x0000012a46b99a10, 0x0000012a46b9a730, 0x0000012a46b972b0,
0x0000012a46b98cf0, 0x0000012a46b9a0a0, 0x0000012a46b9adc0, 0x0000012a46b93e30,
0x0000012a46b9b450, 0x0000012a46b95870, 0x0000012a4846b9e0, 0x0000012a46b96c20,
0x0000012a46b97fd0, 0x0000012a46b95f00, 0x0000012a46b97940, 0x0000012a4837c470,
0x0000012a48379d10, 0x0000012a4837b750, 0x0000012a4837d190, 0x0000012a4837ebd0,
0x0000012a4837cb00, 0x0000012a4837ff80, 0x0000012a4837f260, 0x0000012a4837d820,
0x0000012a4837aa30, 0x0000012a4837b0c0
}

Java Threads: ( => current thread )
  0x0000012a63a4eb00 JavaThread "main"                              [_thread_blocked, id=20368, stack(0x00000011e3f00000,0x00000011e4000000) (1024K)]
  0x0000012a7a4aedc0 JavaThread "Reference Handler"          daemon [_thread_blocked, id=17980, stack(0x00000011e4300000,0x00000011e4400000) (1024K)]
  0x0000012a7a4b07b0 JavaThread "Finalizer"                  daemon [_thread_blocked, id=1972, stack(0x00000011e4400000,0x00000011e4500000) (1024K)]
  0x0000012a7a4b3b50 JavaThread "Signal Dispatcher"          daemon [_thread_blocked, id=16216, stack(0x00000011e4500000,0x00000011e4600000) (1024K)]
  0x0000012a7a4b4b50 JavaThread "Attach Listener"            daemon [_thread_blocked, id=13436, stack(0x00000011e4600000,0x00000011e4700000) (1024K)]
  0x0000012a7a4b68c0 JavaThread "Service Thread"             daemon [_thread_blocked, id=16200, stack(0x00000011e4700000,0x00000011e4800000) (1024K)]
  0x0000012a7a4b9c20 JavaThread "Monitor Deflation Thread"   daemon [_thread_blocked, id=19632, stack(0x00000011e4800000,0x00000011e4900000) (1024K)]
  0x0000012a7a4ca410 JavaThread "C2 CompilerThread0"         daemon [_thread_in_native, id=12640, stack(0x00000011e4900000,0x00000011e4a00000) (1024K)]
  0x0000012a7a4ceac0 JavaThread "C1 CompilerThread0"         daemon [_thread_blocked, id=21528, stack(0x00000011e4a00000,0x00000011e4b00000) (1024K)]
  0x0000012a7a4ee940 JavaThread "Common-Cleaner"             daemon [_thread_blocked, id=17916, stack(0x00000011e4b00000,0x00000011e4c00000) (1024K)]
  0x0000012a45405180 JavaThread "Notification Thread"        daemon [_thread_blocked, id=14020, stack(0x00000011e4d00000,0x00000011e4e00000) (1024K)]
  0x0000012a45bac5d0 JavaThread "Active Thread: Equinox Container: 13eee296-a27e-482a-a6e0-276a3afae033"        [_thread_blocked, id=2436, stack(0x00000011e5500000,0x00000011e5600000) (1024K)]
  0x0000012a45e70770 JavaThread "Refresh Thread: Equinox Container: 13eee296-a27e-482a-a6e0-276a3afae033" daemon [_thread_blocked, id=11228, stack(0x00000011e5700000,0x00000011e5800000) (1024K)]
  0x0000012a45f62fb0 JavaThread "Framework Event Dispatcher: Equinox Container: 13eee296-a27e-482a-a6e0-276a3afae033" daemon [_thread_blocked, id=11536, stack(0x00000011e5800000,0x00000011e5900000) (1024K)]
  0x0000012a45e676b0 JavaThread "Start Level: Equinox Container: 13eee296-a27e-482a-a6e0-276a3afae033" daemon [_thread_blocked, id=15524, stack(0x00000011e5900000,0x00000011e5a00000) (1024K)]
  0x0000012a4595c0c0 JavaThread "Bundle File Closer"         daemon [_thread_blocked, id=12480, stack(0x00000011e5a00000,0x00000011e5b00000) (1024K)]
  0x0000012a453ec3a0 JavaThread "SCR Component Actor"        daemon [_thread_blocked, id=20948, stack(0x00000011e5b00000,0x00000011e5c00000) (1024K)]
  0x0000012a464d28a0 JavaThread "Worker-JM"                         [_thread_blocked, id=20268, stack(0x00000011e5c00000,0x00000011e5d00000) (1024K)]
  0x0000012a464d2f30 JavaThread "JNA Cleaner"                daemon [_thread_blocked, id=21832, stack(0x00000011e4c00000,0x00000011e4d00000) (1024K)]
  0x0000012a464d0140 JavaThread "Worker-0: Initialize workspace"        [_thread_blocked, id=956, stack(0x00000011e4e00000,0x00000011e4f00000) (1024K)]
  0x0000012a464d2210 JavaThread "Worker-1: Publish Diagnostics"        [_thread_in_Java, id=19584, stack(0x00000011e5d00000,0x00000011e5e00000) (1024K)]
  0x0000012a464d1b80 JavaThread "Worker-2"                          [_thread_blocked, id=9648, stack(0x00000011e5f00000,0x00000011e6000000) (1024K)]
  0x0000012a464cfab0 JavaThread "Java indexing"              daemon [_thread_blocked, id=14948, stack(0x00000011e6000000,0x00000011e6100000) (1024K)]
  0x0000012a464d14f0 JavaThread "Worker-3"                          [_thread_blocked, id=14832, stack(0x00000011e6200000,0x00000011e6300000) (1024K)]
  0x0000012a464d07d0 JavaThread "Worker-4"                          [_thread_blocked, id=20628, stack(0x00000011e6300000,0x00000011e6400000) (1024K)]
  0x0000012a47c63ac0 JavaThread "Thread-1"                   daemon [_thread_in_native, id=11024, stack(0x00000011e6400000,0x00000011e6500000) (1024K)]
  0x0000012a47c62080 JavaThread "Thread-2"                   daemon [_thread_in_native, id=8728, stack(0x00000011e6500000,0x00000011e6600000) (1024K)]
  0x0000012a47c64e70 JavaThread "Thread-3"                   daemon [_thread_in_native, id=4772, stack(0x00000011e6600000,0x00000011e6700000) (1024K)]
  0x0000012a47c63430 JavaThread "Thread-4"                   daemon [_thread_in_native, id=12876, stack(0x00000011e6700000,0x00000011e6800000) (1024K)]
  0x0000012a47c5ec00 JavaThread "Thread-5"                   daemon [_thread_in_native, id=21920, stack(0x00000011e6800000,0x00000011e6900000) (1024K)]
  0x0000012a47c64150 JavaThread "Thread-6"                   daemon [_thread_in_native, id=1104, stack(0x00000011e6900000,0x00000011e6a00000) (1024K)]
  0x0000012a47c619f0 JavaThread "Thread-7"                   daemon [_thread_in_native, id=15224, stack(0x00000011e6a00000,0x00000011e6b00000) (1024K)]
  0x0000012a47c61360 JavaThread "Thread-8"                   daemon [_thread_in_native, id=9656, stack(0x00000011e6b00000,0x00000011e6c00000) (1024K)]
  0x0000012a47c647e0 JavaThread "Thread-9"                   daemon [_thread_in_native, id=21900, stack(0x00000011e6c00000,0x00000011e6d00000) (1024K)]
  0x0000012a47c5dee0 JavaThread "pool-2-thread-1"                   [_thread_blocked, id=18068, stack(0x00000011e6d00000,0x00000011e6e00000) (1024K)]
  0x0000012a47c65500 JavaThread "WorkspaceEventsHandler"            [_thread_blocked, id=20452, stack(0x00000011e6e00000,0x00000011e6f00000) (1024K)]
  0x0000012a47c62710 JavaThread "pool-1-thread-1"                   [_thread_blocked, id=11016, stack(0x00000011e6f00000,0x00000011e7000000) (1024K)]
  0x0000012a47c62da0 JavaThread "ForkJoinPool.commonPool-worker-1" daemon [_thread_blocked, id=14408, stack(0x00000011e7000000,0x00000011e7100000) (1024K)]
  0x0000012a47c5ffb0 JavaThread "ForkJoinPool.commonPool-worker-2" daemon [_thread_in_Java, id=20004, stack(0x00000011e7100000,0x00000011e7200000) (1024K)]
  0x0000012a47c5e570 JavaThread "ForkJoinPool.commonPool-worker-3" daemon [_thread_blocked, id=13236, stack(0x00000011e7200000,0x00000011e7300000) (1024K)]
  0x0000012a47c5f290 JavaThread "ForkJoinPool.commonPool-worker-4" daemon [_thread_blocked, id=4532, stack(0x00000011e7300000,0x00000011e7400000) (1024K)]
  0x0000012a47c5f920 JavaThread "ForkJoinPool.commonPool-worker-5" daemon [_thread_blocked, id=1448, stack(0x00000011e7400000,0x00000011e7500000) (1024K)]
  0x0000012a47c60640 JavaThread "ForkJoinPool.commonPool-worker-6" daemon [_thread_blocked, id=7148, stack(0x00000011e7500000,0x00000011e7600000) (1024K)]
  0x0000012a47c60cd0 JavaThread "ForkJoinPool.commonPool-worker-7" daemon [_thread_blocked, id=9664, stack(0x00000011e7600000,0x00000011e7700000) (1024K)]
  0x0000012a46b99380 JavaThread "Equinox resolver thread - Equinox Container: 13eee296-a27e-482a-a6e0-276a3afae033" daemon [_thread_blocked, id=6888, stack(0x00000011e7700000,0x00000011e7800000) (1024K)]
  0x0000012a46b99a10 JavaThread "Equinox resolver thread - Equinox Container: 13eee296-a27e-482a-a6e0-276a3afae033" daemon [_thread_blocked, id=1444, stack(0x00000011e7800000,0x00000011e7900000) (1024K)]
  0x0000012a46b9a730 JavaThread "Equinox resolver thread - Equinox Container: 13eee296-a27e-482a-a6e0-276a3afae033" daemon [_thread_blocked, id=19624, stack(0x00000011e7900000,0x00000011e7a00000) (1024K)]
  0x0000012a46b972b0 JavaThread "Equinox resolver thread - Equinox Container: 13eee296-a27e-482a-a6e0-276a3afae033" daemon [_thread_blocked, id=4624, stack(0x00000011e7a00000,0x00000011e7b00000) (1024K)]
  0x0000012a46b98cf0 JavaThread "Equinox resolver thread - Equinox Container: 13eee296-a27e-482a-a6e0-276a3afae033" daemon [_thread_blocked, id=8960, stack(0x00000011e7b00000,0x00000011e7c00000) (1024K)]
  0x0000012a46b9a0a0 JavaThread "Equinox resolver thread - Equinox Container: 13eee296-a27e-482a-a6e0-276a3afae033" daemon [_thread_blocked, id=13120, stack(0x00000011e7c00000,0x00000011e7d00000) (1024K)]
  0x0000012a46b9adc0 JavaThread "Equinox resolver thread - Equinox Container: 13eee296-a27e-482a-a6e0-276a3afae033" daemon [_thread_blocked, id=21672, stack(0x00000011e7d00000,0x00000011e7e00000) (1024K)]
  0x0000012a46b93e30 JavaThread "Equinox resolver thread - Equinox Container: 13eee296-a27e-482a-a6e0-276a3afae033" daemon [_thread_blocked, id=17888, stack(0x00000011e7e00000,0x00000011e7f00000) (1024K)]
  0x0000012a46b9b450 JavaThread "Worker-5: Building"                [_thread_in_native, id=14320, stack(0x00000011e5e00000,0x00000011e5f00000) (1024K)]
  0x0000012a46b95870 JavaThread "Worker-6"                          [_thread_blocked, id=14980, stack(0x00000011e6100000,0x00000011e6200000) (1024K)]
=>0x0000012a4846b9e0 JavaThread "C2 CompilerThread1"         daemon [_thread_in_native, id=13452, stack(0x00000011e7f00000,0x00000011e8000000) (1024K)]
  0x0000012a46b96c20 JavaThread "LocalFile Deleter"          daemon [_thread_blocked, id=2220, stack(0x00000011e8000000,0x00000011e8100000) (1024K)]
  0x0000012a46b97fd0 JavaThread "LocalFile Deleter"          daemon [_thread_blocked, id=12564, stack(0x00000011e8100000,0x00000011e8200000) (1024K)]
  0x0000012a46b95f00 JavaThread "LocalFile Deleter"          daemon [_thread_blocked, id=15076, stack(0x00000011e8200000,0x00000011e8300000) (1024K)]
  0x0000012a46b97940 JavaThread "LocalFile Deleter"          daemon [_thread_blocked, id=18576, stack(0x00000011e8300000,0x00000011e8400000) (1024K)]
  0x0000012a4837c470 JavaThread "LocalFile Deleter"          daemon [_thread_blocked, id=16204, stack(0x00000011e8400000,0x00000011e8500000) (1024K)]
  0x0000012a48379d10 JavaThread "LocalFile Deleter"          daemon [_thread_blocked, id=4776, stack(0x00000011e8500000,0x00000011e8600000) (1024K)]
  0x0000012a4837b750 JavaThread "LocalFile Deleter"          daemon [_thread_blocked, id=12484, stack(0x00000011e8600000,0x00000011e8700000) (1024K)]
  0x0000012a4837d190 JavaThread "LocalFile Deleter"          daemon [_thread_blocked, id=20252, stack(0x00000011e8700000,0x00000011e8800000) (1024K)]
  0x0000012a4837ebd0 JavaThread "Compiler Source File Reader" daemon [_thread_blocked, id=18052, stack(0x00000011e8800000,0x00000011e8900000) (1024K)]
  0x0000012a4837cb00 JavaThread "Compiler Source File Reader" daemon [_thread_blocked, id=18908, stack(0x00000011e8900000,0x00000011e8a00000) (1024K)]
  0x0000012a4837ff80 JavaThread "Compiler Source File Reader" daemon [_thread_blocked, id=5380, stack(0x00000011e8a00000,0x00000011e8b00000) (1024K)]
  0x0000012a4837f260 JavaThread "Compiler Source File Reader" daemon [_thread_blocked, id=8240, stack(0x00000011e8b00000,0x00000011e8c00000) (1024K)]
  0x0000012a4837d820 JavaThread "Compiler Source File Reader" daemon [_thread_blocked, id=2904, stack(0x00000011e8c00000,0x00000011e8d00000) (1024K)]
  0x0000012a4837aa30 JavaThread "Compiler Source File Reader" daemon [_thread_blocked, id=19240, stack(0x00000011e8d00000,0x00000011e8e00000) (1024K)]
  0x0000012a4837b0c0 JavaThread "Thread-10"                  daemon [_thread_in_Java, id=17352, stack(0x00000011e8e00000,0x00000011e8f00000) (1024K)]
Total: 70

Other Threads:
  0x0000012a7a4955e0 VMThread "VM Thread"                           [id=18804, stack(0x00000011e4200000,0x00000011e4300000) (1024K)]
  0x0000012a63ab9740 WatcherThread "VM Periodic Task Thread"        [id=12392, stack(0x00000011e4100000,0x00000011e4200000) (1024K)]
  0x0000012a63a6d0d0 WorkerThread "GC Thread#0"                     [id=14088, stack(0x00000011e4000000,0x00000011e4100000) (1024K)]
  0x0000012a45bd6c60 WorkerThread "GC Thread#1"                     [id=11672, stack(0x00000011e4f00000,0x00000011e5000000) (1024K)]
  0x0000012a45bd5a40 WorkerThread "GC Thread#2"                     [id=12572, stack(0x00000011e5000000,0x00000011e5100000) (1024K)]
  0x0000012a45bd56a0 WorkerThread "GC Thread#3"                     [id=16364, stack(0x00000011e5100000,0x00000011e5200000) (1024K)]
  0x0000012a45bd6520 WorkerThread "GC Thread#4"                     [id=10640, stack(0x00000011e5200000,0x00000011e5300000) (1024K)]
  0x0000012a45bd68c0 WorkerThread "GC Thread#5"                     [id=17548, stack(0x00000011e5300000,0x00000011e5400000) (1024K)]
  0x0000012a45bd6180 WorkerThread "GC Thread#6"                     [id=11092, stack(0x00000011e5400000,0x00000011e5500000) (1024K)]
  0x0000012a45bd7000 WorkerThread "GC Thread#7"                     [id=18992, stack(0x00000011e5600000,0x00000011e5700000) (1024K)]
Total: 10

Threads with active compile tasks:
C2 CompilerThread0  10732 8158   !   4       sun.nio.fs.WindowsPath::initOffsets (153 bytes)
C2 CompilerThread1  10732 8260       4       com.google.gson.internal.bind.TypeAdapters$15::read (6 bytes)
Total: 2

VM state: not at safepoint (normal execution)

VM Mutex/Monitor currently owned by a thread: None

Heap address: 0x0000000080000000, size: 2048 MB, Compressed Oops mode: 32-bit

CDS archive(s) mapped at: [0x0000012a00000000-0x0000012a00ba0000-0x0000012a00ba0000), size 12189696, SharedBaseAddress: 0x0000012a00000000, ArchiveRelocationMode: 1.
Compressed class space mapped at: 0x0000012a01000000-0x0000012a41000000, reserved size: 1073741824
Narrow klass base: 0x0000012a00000000, Narrow klass shift: 0, Narrow klass range: 0x100000000

GC Precious Log:
 CardTable entry size: 512
 CPUs: 8 total, 8 available
 Memory: 7918M
 Large Page Support: Disabled
 NUMA Support: Disabled
 Compressed Oops: Enabled (32-bit)
 Alignments: Space 512K, Generation 512K, Heap 2M
 Heap Min Capacity: 100M
 Heap Initial Capacity: 100M
 Heap Max Capacity: 2G
 Pre-touch: Disabled
 Parallel Workers: 8

Heap:
 PSYoungGen      total 15360K, used 9114K [0x00000000d5580000, 0x00000000d6600000, 0x0000000100000000)
  eden space 14336K, 56% used [0x00000000d5580000,0x00000000d5d668e8,0x00000000d6380000)
  from space 1024K, 100% used [0x00000000d6400000,0x00000000d6500000,0x00000000d6500000)
  to   space 512K, 0% used [0x00000000d6580000,0x00000000d6580000,0x00000000d6600000)
 ParOldGen       total 116736K, used 116346K [0x0000000080000000, 0x0000000087200000, 0x00000000d5580000)
  object space 116736K, 99% used [0x0000000080000000,0x000000008719e9f8,0x0000000087200000)
 Metaspace       used 57710K, committed 59008K, reserved 1114112K
  class space    used 6212K, committed 6720K, reserved 1048576K

Card table byte_map: [0x0000012a63410000,0x0000012a63820000] _byte_map_base: 0x0000012a63010000

Marking Bits: (ParMarkBitMap*) 0x00007ffb03f6a340
 Begin Bits: [0x0000012a75ef0000, 0x0000012a77ef0000)
 End Bits:   [0x0000012a77ef0000, 0x0000012a79ef0000)

Polling page: 0x0000012a61a50000

Metaspace:

Usage:
  Non-class:     50.29 MB used.
      Class:      6.07 MB used.
       Both:     56.36 MB used.

Virtual space:
  Non-class space:       64.00 MB reserved,      51.06 MB ( 80%) committed,  1 nodes.
      Class space:        1.00 GB reserved,       6.56 MB ( <1%) committed,  1 nodes.
             Both:        1.06 GB reserved,      57.62 MB (  5%) committed. 

Chunk freelists:
   Non-Class:  12.12 MB
       Class:  9.25 MB
        Both:  21.38 MB

MaxMetaspaceSize: unlimited
CompressedClassSpaceSize: 1.00 GB
Initial GC threshold: 21.00 MB
Current GC threshold: 58.38 MB
CDS: on
 - commit_granule_bytes: 65536.
 - commit_granule_words: 8192.
 - virtual_space_node_default_size: 8388608.
 - enlarge_chunks_in_place: 1.
 - use_allocation_guard: 0.


Internal statistics:

num_allocs_failed_limit: 6.
num_arena_births: 1086.
num_arena_deaths: 14.
num_vsnodes_births: 2.
num_vsnodes_deaths: 0.
num_space_committed: 922.
num_space_uncommitted: 0.
num_chunks_returned_to_freelist: 20.
num_chunks_taken_from_freelist: 3725.
num_chunk_merges: 7.
num_chunk_splits: 2329.
num_chunks_enlarged: 1343.
num_inconsistent_stats: 0.

CodeHeap 'non-profiled nmethods': size=120000Kb used=4866Kb max_used=4866Kb free=115134Kb
 bounds [0x0000012a6e710000, 0x0000012a6ebe0000, 0x0000012a75c40000]
CodeHeap 'profiled nmethods': size=120000Kb used=16657Kb max_used=16657Kb free=103342Kb
 bounds [0x0000012a66c40000, 0x0000012a67c90000, 0x0000012a6e170000]
CodeHeap 'non-nmethods': size=5760Kb used=1430Kb max_used=1483Kb free=4330Kb
 bounds [0x0000012a6e170000, 0x0000012a6e3e0000, 0x0000012a6e710000]
CodeCache: size=245760Kb, used=22953Kb, max_used=23006Kb, free=222806Kb
 total_blobs=8399, nmethods=7667, adapters=638, full_count=0
Compilation: enabled, stopped_count=0, restarted_count=0

Compilation events (20 events):
Event: 10.683 Thread 0x0000012a7a4ceac0 8289   !   2       java.text.MessageFormat::makeFormat (696 bytes)
Event: 10.685 Thread 0x0000012a7a4ceac0 nmethod 8289 0x0000012a67c75d10 code [0x0000012a67c761c0, 0x0000012a67c77f28]
Event: 10.685 Thread 0x0000012a7a4ceac0 8291       2       java.text.FieldPosition::<init> (25 bytes)
Event: 10.685 Thread 0x0000012a7a4ceac0 nmethod 8291 0x0000012a67c79110 code [0x0000012a67c792a0, 0x0000012a67c793c0]
Event: 10.685 Thread 0x0000012a7a4ceac0 8290       2       org.eclipse.core.runtime.Status::<init> (48 bytes)
Event: 10.685 Thread 0x0000012a7a4ceac0 nmethod 8290 0x0000012a67c79490 code [0x0000012a67c79660, 0x0000012a67c79a08]
Event: 10.685 Thread 0x0000012a7a4ceac0 8292       1       org.eclipse.jdt.internal.compiler.classfmt.MethodInfo::sizeInBytes (5 bytes)
Event: 10.686 Thread 0x0000012a7a4ceac0 nmethod 8292 0x0000012a6ebcb610 code [0x0000012a6ebcb7a0, 0x0000012a6ebcb868]
Event: 10.686 Thread 0x0000012a7a4ceac0 8293       2       java.text.MessageFormat::format (12 bytes)
Event: 10.686 Thread 0x0000012a7a4ceac0 nmethod 8293 0x0000012a67c79c90 code [0x0000012a67c79e40, 0x0000012a67c79fa8]
Event: 10.686 Thread 0x0000012a7a4ceac0 8294       2       java.text.MessageFormat::subformat (542 bytes)
Event: 10.689 Thread 0x0000012a7a4ceac0 nmethod 8294 0x0000012a67c7a090 code [0x0000012a67c7a540, 0x0000012a67c7cc30]
Event: 10.689 Thread 0x0000012a7a4ceac0 8295       3       java.util.AbstractMap$1$1::next (18 bytes)
Event: 10.689 Thread 0x0000012a7a4ceac0 nmethod 8295 0x0000012a67c7e010 code [0x0000012a67c7e1e0, 0x0000012a67c7e588]
Event: 10.689 Thread 0x0000012a7a4ceac0 8296   !   2       org.eclipse.jdt.internal.core.JavaProjectElementInfo::initializePackageNames (130 bytes)
Event: 10.690 Thread 0x0000012a7a4ceac0 nmethod 8296 0x0000012a67c7e690 code [0x0000012a67c7e900, 0x0000012a67c7f088]
Event: 10.690 Thread 0x0000012a7a4ceac0 8297       3       org.eclipse.jdt.internal.compiler.parser.Scanner::scanIdentifier (450 bytes)
Event: 10.691 Thread 0x0000012a7a4ceac0 nmethod 8297 0x0000012a67c7f690 code [0x0000012a67c7f9a0, 0x0000012a67c80c98]
Event: 10.691 Thread 0x0000012a7a4ceac0 8298       3       org.eclipse.jdt.internal.compiler.parser.Scanner::getCurrentIdentifierSource (73 bytes)
Event: 10.692 Thread 0x0000012a7a4ceac0 nmethod 8298 0x0000012a67c81210 code [0x0000012a67c813e0, 0x0000012a67c81768]

GC Heap History (20 events):
Event: 8.991 GC heap before
{Heap before GC invocations=35 (full 2):
 PSYoungGen      total 17408K, used 17332K [0x00000000d5580000, 0x00000000d6880000, 0x0000000100000000)
  eden space 16384K, 100% used [0x00000000d5580000,0x00000000d6580000,0x00000000d6580000)
  from space 1024K, 92% used [0x00000000d6780000,0x00000000d686d3d8,0x00000000d6880000)
  to   space 1536K, 0% used [0x00000000d6580000,0x00000000d6580000,0x00000000d6700000)
 ParOldGen       total 68608K, used 45691K [0x0000000080000000, 0x0000000084300000, 0x00000000d5580000)
  object space 68608K, 66% used [0x0000000080000000,0x0000000082c9eeb0,0x0000000084300000)
 Metaspace       used 51723K, committed 53120K, reserved 1114112K
  class space    used 5659K, committed 6208K, reserved 1048576K
}
Event: 8.993 GC heap after
{Heap after GC invocations=35 (full 2):
 PSYoungGen      total 17920K, used 288K [0x00000000d5580000, 0x00000000d6800000, 0x0000000100000000)
  eden space 16384K, 0% used [0x00000000d5580000,0x00000000d5580000,0x00000000d6580000)
  from space 1536K, 18% used [0x00000000d6580000,0x00000000d65c8000,0x00000000d6700000)
  to   space 1024K, 0% used [0x00000000d6700000,0x00000000d6700000,0x00000000d6800000)
 ParOldGen       total 68608K, used 46448K [0x0000000080000000, 0x0000000084300000, 0x00000000d5580000)
  object space 68608K, 67% used [0x0000000080000000,0x0000000082d5c078,0x0000000084300000)
 Metaspace       used 51723K, committed 53120K, reserved 1114112K
  class space    used 5659K, committed 6208K, reserved 1048576K
}
Event: 9.199 GC heap before
{Heap before GC invocations=36 (full 2):
 PSYoungGen      total 17920K, used 16618K [0x00000000d5580000, 0x00000000d6800000, 0x0000000100000000)
  eden space 16384K, 99% used [0x00000000d5580000,0x00000000d65728d8,0x00000000d6580000)
  from space 1536K, 18% used [0x00000000d6580000,0x00000000d65c8000,0x00000000d6700000)
  to   space 1024K, 0% used [0x00000000d6700000,0x00000000d6700000,0x00000000d6800000)
 ParOldGen       total 68608K, used 46448K [0x0000000080000000, 0x0000000084300000, 0x00000000d5580000)
  object space 68608K, 67% used [0x0000000080000000,0x0000000082d5c078,0x0000000084300000)
 Metaspace       used 53132K, committed 54464K, reserved 1114112K
  class space    used 5801K, committed 6400K, reserved 1048576K
}
Event: 9.200 GC heap after
{Heap after GC invocations=36 (full 2):
 PSYoungGen      total 16896K, used 448K [0x00000000d5580000, 0x00000000d6780000, 0x0000000100000000)
  eden space 16384K, 0% used [0x00000000d5580000,0x00000000d5580000,0x00000000d6580000)
  from space 512K, 87% used [0x00000000d6700000,0x00000000d6770010,0x00000000d6780000)
  to   space 512K, 0% used [0x00000000d6680000,0x00000000d6680000,0x00000000d6700000)
 ParOldGen       total 68608K, used 46640K [0x0000000080000000, 0x0000000084300000, 0x00000000d5580000)
  object space 68608K, 67% used [0x0000000080000000,0x0000000082d8c078,0x0000000084300000)
 Metaspace       used 53132K, committed 54464K, reserved 1114112K
  class space    used 5801K, committed 6400K, reserved 1048576K
}
Event: 9.820 GC heap before
{Heap before GC invocations=37 (full 2):
 PSYoungGen      total 16896K, used 16832K [0x00000000d5580000, 0x00000000d6780000, 0x0000000100000000)
  eden space 16384K, 100% used [0x00000000d5580000,0x00000000d6580000,0x00000000d6580000)
  from space 512K, 87% used [0x00000000d6700000,0x00000000d6770010,0x00000000d6780000)
  to   space 512K, 0% used [0x00000000d6680000,0x00000000d6680000,0x00000000d6700000)
 ParOldGen       total 68608K, used 46640K [0x0000000080000000, 0x0000000084300000, 0x00000000d5580000)
  object space 68608K, 67% used [0x0000000080000000,0x0000000082d8c078,0x0000000084300000)
 Metaspace       used 55274K, committed 56640K, reserved 1114112K
  class space    used 6010K, committed 6592K, reserved 1048576K
}
Event: 9.821 GC heap after
{Heap after GC invocations=37 (full 2):
 PSYoungGen      total 16896K, used 505K [0x00000000d5580000, 0x00000000d6880000, 0x0000000100000000)
  eden space 16384K, 0% used [0x00000000d5580000,0x00000000d5580000,0x00000000d6580000)
  from space 512K, 98% used [0x00000000d6680000,0x00000000d66fe4b0,0x00000000d6700000)
  to   space 1536K, 0% used [0x00000000d6700000,0x00000000d6700000,0x00000000d6880000)
 ParOldGen       total 68608K, used 47452K [0x0000000080000000, 0x0000000084300000, 0x00000000d5580000)
  object space 68608K, 69% used [0x0000000080000000,0x0000000082e57370,0x0000000084300000)
 Metaspace       used 55274K, committed 56640K, reserved 1114112K
  class space    used 6010K, committed 6592K, reserved 1048576K
}
Event: 10.200 GC heap before
{Heap before GC invocations=38 (full 2):
 PSYoungGen      total 16896K, used 16799K [0x00000000d5580000, 0x00000000d6880000, 0x0000000100000000)
  eden space 16384K, 99% used [0x00000000d5580000,0x00000000d6569ab8,0x00000000d6580000)
  from space 512K, 98% used [0x00000000d6680000,0x00000000d66fe4b0,0x00000000d6700000)
  to   space 1536K, 0% used [0x00000000d6700000,0x00000000d6700000,0x00000000d6880000)
 ParOldGen       total 68608K, used 47452K [0x0000000080000000, 0x0000000084300000, 0x00000000d5580000)
  object space 68608K, 69% used [0x0000000080000000,0x0000000082e57370,0x0000000084300000)
 Metaspace       used 56638K, committed 58048K, reserved 1114112K
  class space    used 6117K, committed 6720K, reserved 1048576K
}
Event: 10.202 GC heap after
{Heap after GC invocations=38 (full 2):
 PSYoungGen      total 15872K, used 1515K [0x00000000d5580000, 0x00000000d6c80000, 0x0000000100000000)
  eden space 14336K, 0% used [0x00000000d5580000,0x00000000d5580000,0x00000000d6380000)
  from space 1536K, 98% used [0x00000000d6700000,0x00000000d687afb0,0x00000000d6880000)
  to   space 3584K, 0% used [0x00000000d6380000,0x00000000d6380000,0x00000000d6700000)
 ParOldGen       total 68608K, used 48853K [0x0000000080000000, 0x0000000084300000, 0x00000000d5580000)
  object space 68608K, 71% used [0x0000000080000000,0x0000000082fb5600,0x0000000084300000)
 Metaspace       used 56638K, committed 58048K, reserved 1114112K
  class space    used 6117K, committed 6720K, reserved 1048576K
}
Event: 10.303 GC heap before
{Heap before GC invocations=39 (full 2):
 PSYoungGen      total 15872K, used 15851K [0x00000000d5580000, 0x00000000d6c80000, 0x0000000100000000)
  eden space 14336K, 100% used [0x00000000d5580000,0x00000000d6380000,0x00000000d6380000)
  from space 1536K, 98% used [0x00000000d6700000,0x00000000d687afb0,0x00000000d6880000)
  to   space 3584K, 0% used [0x00000000d6380000,0x00000000d6380000,0x00000000d6700000)
 ParOldGen       total 68608K, used 48853K [0x0000000080000000, 0x0000000084300000, 0x00000000d5580000)
  object space 68608K, 71% used [0x0000000080000000,0x0000000082fb5600,0x0000000084300000)
 Metaspace       used 57468K, committed 58816K, reserved 1114112K
  class space    used 6198K, committed 6720K, reserved 1048576K
}
Event: 10.305 GC heap after
{Heap after GC invocations=39 (full 2):
 PSYoungGen      total 17920K, used 3395K [0x00000000d5580000, 0x00000000d6a80000, 0x0000000100000000)
  eden space 14336K, 0% used [0x00000000d5580000,0x00000000d5580000,0x00000000d6380000)
  from space 3584K, 94% used [0x00000000d6380000,0x00000000d66d0f30,0x00000000d6700000)
  to   space 3584K, 0% used [0x00000000d6700000,0x00000000d6700000,0x00000000d6a80000)
 ParOldGen       total 68608K, used 50344K [0x0000000080000000, 0x0000000084300000, 0x00000000d5580000)
  object space 68608K, 73% used [0x0000000080000000,0x000000008312a1c8,0x0000000084300000)
 Metaspace       used 57468K, committed 58816K, reserved 1114112K
  class space    used 6198K, committed 6720K, reserved 1048576K
}
Event: 10.395 GC heap before
{Heap before GC invocations=40 (full 2):
 PSYoungGen      total 17920K, used 17217K [0x00000000d5580000, 0x00000000d6a80000, 0x0000000100000000)
  eden space 14336K, 96% used [0x00000000d5580000,0x00000000d62ff648,0x00000000d6380000)
  from space 3584K, 94% used [0x00000000d6380000,0x00000000d66d0f30,0x00000000d6700000)
  to   space 3584K, 0% used [0x00000000d6700000,0x00000000d6700000,0x00000000d6a80000)
 ParOldGen       total 68608K, used 50344K [0x0000000080000000, 0x0000000084300000, 0x00000000d5580000)
  object space 68608K, 73% used [0x0000000080000000,0x000000008312a1c8,0x0000000084300000)
 Metaspace       used 57540K, committed 58944K, reserved 1114112K
  class space    used 6201K, committed 6720K, reserved 1048576K
}
Event: 10.398 GC heap after
{Heap after GC invocations=40 (full 2):
 PSYoungGen      total 17920K, used 3183K [0x00000000d5580000, 0x00000000d6a80000, 0x0000000100000000)
  eden space 14336K, 0% used [0x00000000d5580000,0x00000000d5580000,0x00000000d6380000)
  from space 3584K, 88% used [0x00000000d6700000,0x00000000d6a1bdb0,0x00000000d6a80000)
  to   space 3584K, 0% used [0x00000000d6380000,0x00000000d6380000,0x00000000d6700000)
 ParOldGen       total 68608K, used 52257K [0x0000000080000000, 0x0000000084300000, 0x00000000d5580000)
  object space 68608K, 76% used [0x0000000080000000,0x0000000083308680,0x0000000084300000)
 Metaspace       used 57540K, committed 58944K, reserved 1114112K
  class space    used 6201K, committed 6720K, reserved 1048576K
}
Event: 10.458 GC heap before
{Heap before GC invocations=41 (full 2):
 PSYoungGen      total 17920K, used 17519K [0x00000000d5580000, 0x00000000d6a80000, 0x0000000100000000)
  eden space 14336K, 100% used [0x00000000d5580000,0x00000000d6380000,0x00000000d6380000)
  from space 3584K, 88% used [0x00000000d6700000,0x00000000d6a1bdb0,0x00000000d6a80000)
  to   space 3584K, 0% used [0x00000000d6380000,0x00000000d6380000,0x00000000d6700000)
 ParOldGen       total 83968K, used 75237K [0x0000000080000000, 0x0000000085200000, 0x00000000d5580000)
  object space 83968K, 89% used [0x0000000080000000,0x00000000849796a0,0x0000000085200000)
 Metaspace       used 57620K, committed 59008K, reserved 1114112K
  class space    used 6210K, committed 6720K, reserved 1048576K
}
Event: 10.460 GC heap after
{Heap after GC invocations=41 (full 2):
 PSYoungGen      total 15360K, used 619K [0x00000000d5580000, 0x00000000d6780000, 0x0000000100000000)
  eden space 14336K, 0% used [0x00000000d5580000,0x00000000d5580000,0x00000000d6380000)
  from space 1024K, 60% used [0x00000000d6380000,0x00000000d641ac88,0x00000000d6480000)
  to   space 2048K, 0% used [0x00000000d6580000,0x00000000d6580000,0x00000000d6780000)
 ParOldGen       total 83968K, used 77327K [0x0000000080000000, 0x0000000085200000, 0x00000000d5580000)
  object space 83968K, 92% used [0x0000000080000000,0x0000000084b83e40,0x0000000085200000)
 Metaspace       used 57620K, committed 59008K, reserved 1114112K
  class space    used 6210K, committed 6720K, reserved 1048576K
}
Event: 10.507 GC heap before
{Heap before GC invocations=42 (full 2):
 PSYoungGen      total 15360K, used 14955K [0x00000000d5580000, 0x00000000d6780000, 0x0000000100000000)
  eden space 14336K, 100% used [0x00000000d5580000,0x00000000d6380000,0x00000000d6380000)
  from space 1024K, 60% used [0x00000000d6380000,0x00000000d641ac88,0x00000000d6480000)
  to   space 2048K, 0% used [0x00000000d6580000,0x00000000d6580000,0x00000000d6780000)
 ParOldGen       total 95232K, used 88336K [0x0000000080000000, 0x0000000085d00000, 0x00000000d5580000)
  object space 95232K, 92% used [0x0000000080000000,0x00000000856443e0,0x0000000085d00000)
 Metaspace       used 57630K, committed 59008K, reserved 1114112K
  class space    used 6211K, committed 6720K, reserved 1048576K
}
Event: 10.516 GC heap after
{Heap after GC invocations=42 (full 2):
 PSYoungGen      total 14848K, used 352K [0x00000000d5580000, 0x00000000d6600000, 0x0000000100000000)
  eden space 14336K, 0% used [0x00000000d5580000,0x00000000d5580000,0x00000000d6380000)
  from space 512K, 68% used [0x00000000d6580000,0x00000000d65d8000,0x00000000d6600000)
  to   space 1024K, 0% used [0x00000000d6400000,0x00000000d6400000,0x00000000d6500000)
 ParOldGen       total 106496K, used 99866K [0x0000000080000000, 0x0000000086800000, 0x00000000d5580000)
  object space 106496K, 93% used [0x0000000080000000,0x00000000861869f8,0x0000000086800000)
 Metaspace       used 57630K, committed 59008K, reserved 1114112K
  class space    used 6211K, committed 6720K, reserved 1048576K
}
Event: 10.576 GC heap before
{Heap before GC invocations=43 (full 2):
 PSYoungGen      total 14848K, used 14688K [0x00000000d5580000, 0x00000000d6600000, 0x0000000100000000)
  eden space 14336K, 100% used [0x00000000d5580000,0x00000000d6380000,0x00000000d6380000)
  from space 512K, 68% used [0x00000000d6580000,0x00000000d65d8000,0x00000000d6600000)
  to   space 1024K, 0% used [0x00000000d6400000,0x00000000d6400000,0x00000000d6500000)
 ParOldGen       total 106496K, used 99866K [0x0000000080000000, 0x0000000086800000, 0x00000000d5580000)
  object space 106496K, 93% used [0x0000000080000000,0x00000000861869f8,0x0000000086800000)
 Metaspace       used 57635K, committed 59008K, reserved 1114112K
  class space    used 6212K, committed 6720K, reserved 1048576K
}
Event: 10.582 GC heap after
{Heap after GC invocations=43 (full 2):
 PSYoungGen      total 15360K, used 1024K [0x00000000d5580000, 0x00000000d6600000, 0x0000000100000000)
  eden space 14336K, 0% used [0x00000000d5580000,0x00000000d5580000,0x00000000d6380000)
  from space 1024K, 100% used [0x00000000d6400000,0x00000000d6500000,0x00000000d6500000)
  to   space 512K, 0% used [0x00000000d6580000,0x00000000d6580000,0x00000000d6600000)
 ParOldGen       total 106496K, used 103994K [0x0000000080000000, 0x0000000086800000, 0x00000000d5580000)
  object space 106496K, 97% used [0x0000000080000000,0x000000008658e9f8,0x0000000086800000)
 Metaspace       used 57635K, committed 59008K, reserved 1114112K
  class space    used 6212K, committed 6720K, reserved 1048576K
}
Event: 10.653 GC heap before
{Heap before GC invocations=44 (full 2):
 PSYoungGen      total 15360K, used 15360K [0x00000000d5580000, 0x00000000d6600000, 0x0000000100000000)
  eden space 14336K, 100% used [0x00000000d5580000,0x00000000d6380000,0x00000000d6380000)
  from space 1024K, 100% used [0x00000000d6400000,0x00000000d6500000,0x00000000d6500000)
  to   space 512K, 0% used [0x00000000d6580000,0x00000000d6580000,0x00000000d6600000)
 ParOldGen       total 106496K, used 103994K [0x0000000080000000, 0x0000000086800000, 0x00000000d5580000)
  object space 106496K, 97% used [0x0000000080000000,0x000000008658e9f8,0x0000000086800000)
 Metaspace       used 57689K, committed 59008K, reserved 1114112K
  class space    used 6212K, committed 6720K, reserved 1048576K
}
Event: 10.659 GC heap after
{Heap after GC invocations=44 (full 2):
 PSYoungGen      total 14848K, used 512K [0x00000000d5580000, 0x00000000d6600000, 0x0000000100000000)
  eden space 14336K, 0% used [0x00000000d5580000,0x00000000d5580000,0x00000000d6380000)
  from space 512K, 100% used [0x00000000d6580000,0x00000000d6600000,0x00000000d6600000)
  to   space 1024K, 0% used [0x00000000d6400000,0x00000000d6400000,0x00000000d6500000)
 ParOldGen       total 111616K, used 111290K [0x0000000080000000, 0x0000000086d00000, 0x00000000d5580000)
  object space 111616K, 99% used [0x0000000080000000,0x0000000086cae9f8,0x0000000086d00000)
 Metaspace       used 57689K, committed 59008K, reserved 1114112K
  class space    used 6212K, committed 6720K, reserved 1048576K
}

Dll operation events (11 events):
Event: 0.011 Loaded shared library c:\Users\murum\.vscode\extensions\redhat.java-1.46.0-win32-x64\jre\21.0.8-win32-x86_64\bin\java.dll
Event: 0.088 Loaded shared library c:\Users\murum\.vscode\extensions\redhat.java-1.46.0-win32-x64\jre\21.0.8-win32-x86_64\bin\zip.dll
Event: 0.114 Loaded shared library C:\Users\murum\.vscode\extensions\redhat.java-1.46.0-win32-x64\jre\21.0.8-win32-x86_64\bin\instrument.dll
Event: 0.123 Loaded shared library C:\Users\murum\.vscode\extensions\redhat.java-1.46.0-win32-x64\jre\21.0.8-win32-x86_64\bin\net.dll
Event: 0.125 Loaded shared library C:\Users\murum\.vscode\extensions\redhat.java-1.46.0-win32-x64\jre\21.0.8-win32-x86_64\bin\nio.dll
Event: 0.129 Loaded shared library C:\Users\murum\.vscode\extensions\redhat.java-1.46.0-win32-x64\jre\21.0.8-win32-x86_64\bin\zip.dll
Event: 0.151 Loaded shared library C:\Users\murum\.vscode\extensions\redhat.java-1.46.0-win32-x64\jre\21.0.8-win32-x86_64\bin\jimage.dll
Event: 0.230 Loaded shared library c:\Users\murum\.vscode\extensions\redhat.java-1.46.0-win32-x64\jre\21.0.8-win32-x86_64\bin\verify.dll
Event: 1.564 Loaded shared library C:\Users\murum\AppData\Roaming\Code\User\globalStorage\redhat.java\1.46.0\config_win\org.eclipse.equinox.launcher\org.eclipse.equinox.launcher.win32.win32.x86_64_1.2.1400.v20250801-0854\eclipse_11916.dll
Event: 3.049 Loaded shared library C:\Users\murum\AppData\Local\Temp\jna-104262626\jna17147890919911163206.dll
Event: 10.233 Loaded shared library C:\Users\murum\.vscode\extensions\redhat.java-1.46.0-win32-x64\jre\21.0.8-win32-x86_64\bin\sunmscapi.dll

Deoptimization events (20 events):
Event: 10.693 Thread 0x0000012a4837b0c0 DEOPT PACKING pc=0x0000012a6760e6cb sp=0x00000011e8efec80
Event: 10.693 Thread 0x0000012a4837b0c0 DEOPT UNPACKING pc=0x0000012a6e1c78e2 sp=0x00000011e8efe178 mode 0
Event: 10.694 Thread 0x0000012a4837b0c0 DEOPT PACKING pc=0x0000012a6760e6cb sp=0x00000011e8efec80
Event: 10.694 Thread 0x0000012a4837b0c0 DEOPT UNPACKING pc=0x0000012a6e1c78e2 sp=0x00000011e8efe178 mode 0
Event: 10.694 Thread 0x0000012a4837b0c0 DEOPT PACKING pc=0x0000012a6760e6cb sp=0x00000011e8efec80
Event: 10.694 Thread 0x0000012a4837b0c0 DEOPT UNPACKING pc=0x0000012a6e1c78e2 sp=0x00000011e8efe178 mode 0
Event: 10.695 Thread 0x0000012a4837b0c0 DEOPT PACKING pc=0x0000012a6760e6cb sp=0x00000011e8efec80
Event: 10.695 Thread 0x0000012a4837b0c0 DEOPT UNPACKING pc=0x0000012a6e1c78e2 sp=0x00000011e8efe178 mode 0
Event: 10.695 Thread 0x0000012a4837b0c0 DEOPT PACKING pc=0x0000012a6760e6cb sp=0x00000011e8efec80
Event: 10.695 Thread 0x0000012a4837b0c0 DEOPT UNPACKING pc=0x0000012a6e1c78e2 sp=0x00000011e8efe178 mode 0
Event: 10.696 Thread 0x0000012a4837b0c0 DEOPT PACKING pc=0x0000012a6760e6cb sp=0x00000011e8efec80
Event: 10.696 Thread 0x0000012a4837b0c0 DEOPT UNPACKING pc=0x0000012a6e1c78e2 sp=0x00000011e8efe178 mode 0
Event: 10.697 Thread 0x0000012a4837b0c0 DEOPT PACKING pc=0x0000012a6760e6cb sp=0x00000011e8efec80
Event: 10.697 Thread 0x0000012a4837b0c0 DEOPT UNPACKING pc=0x0000012a6e1c78e2 sp=0x00000011e8efe178 mode 0
Event: 10.698 Thread 0x0000012a4837b0c0 DEOPT PACKING pc=0x0000012a6760e6cb sp=0x00000011e8efec80
Event: 10.698 Thread 0x0000012a4837b0c0 DEOPT UNPACKING pc=0x0000012a6e1c78e2 sp=0x00000011e8efe178 mode 0
Event: 10.698 Thread 0x0000012a4837b0c0 DEOPT PACKING pc=0x0000012a6760e6cb sp=0x00000011e8efec80
Event: 10.698 Thread 0x0000012a4837b0c0 DEOPT UNPACKING pc=0x0000012a6e1c78e2 sp=0x00000011e8efe178 mode 0
Event: 10.699 Thread 0x0000012a4837b0c0 DEOPT PACKING pc=0x0000012a6760e6cb sp=0x00000011e8efec80
Event: 10.699 Thread 0x0000012a4837b0c0 DEOPT UNPACKING pc=0x0000012a6e1c78e2 sp=0x00000011e8efe178 mode 0

Classes loaded (20 events):
Event: 10.296 Loading class com/sun/crypto/provider/SymmetricCipher done
Event: 10.296 Loading class com/sun/crypto/provider/AESCrypt done
Event: 10.296 Loading class com/sun/crypto/provider/ElectronicCodeBook
Event: 10.298 Loading class com/sun/crypto/provider/FeedbackCipher
Event: 10.298 Loading class com/sun/crypto/provider/FeedbackCipher done
Event: 10.298 Loading class com/sun/crypto/provider/ElectronicCodeBook done
Event: 10.299 Loading class com/sun/crypto/provider/PKCS5Padding
Event: 10.299 Loading class com/sun/crypto/provider/Padding
Event: 10.299 Loading class com/sun/crypto/provider/Padding done
Event: 10.299 Loading class com/sun/crypto/provider/PKCS5Padding done
Event: 10.300 Loading class com/sun/crypto/provider/CipherBlockChaining
Event: 10.300 Loading class com/sun/crypto/provider/CipherBlockChaining done
Event: 10.300 Loading class javax/crypto/NullCipher
Event: 10.300 Loading class javax/crypto/NullCipher done
Event: 10.301 Loading class sun/security/util/ArrayUtil
Event: 10.301 Loading class sun/security/util/ArrayUtil done
Event: 10.368 Loading class java/util/zip/CheckedInputStream
Event: 10.368 Loading class java/util/zip/CheckedInputStream done
Event: 10.481 Loading class java/util/zip/GZIPInputStream$1
Event: 10.481 Loading class java/util/zip/GZIPInputStream$1 done

Classes unloaded (7 events):
Event: 3.733 Thread 0x0000012a7a4955e0 Unloading class 0x0000012a011ab000 'java/lang/invoke/LambdaForm$MH+0x0000012a011ab000'
Event: 3.733 Thread 0x0000012a7a4955e0 Unloading class 0x0000012a011aac00 'java/lang/invoke/LambdaForm$MH+0x0000012a011aac00'
Event: 3.733 Thread 0x0000012a7a4955e0 Unloading class 0x0000012a011aa800 'java/lang/invoke/LambdaForm$MH+0x0000012a011aa800'
Event: 3.733 Thread 0x0000012a7a4955e0 Unloading class 0x0000012a011aa400 'java/lang/invoke/LambdaForm$MH+0x0000012a011aa400'
Event: 3.733 Thread 0x0000012a7a4955e0 Unloading class 0x0000012a011aa000 'java/lang/invoke/LambdaForm$BMH+0x0000012a011aa000'
Event: 3.733 Thread 0x0000012a7a4955e0 Unloading class 0x0000012a011a9c00 'java/lang/invoke/LambdaForm$DMH+0x0000012a011a9c00'
Event: 3.733 Thread 0x0000012a7a4955e0 Unloading class 0x0000012a011a8800 'java/lang/invoke/LambdaForm$DMH+0x0000012a011a8800'

Classes redefined (0 events):
No events

Internal exceptions (20 events):
Event: 9.729 Thread 0x0000012a46b9b450 Exception <a 'java/io/FileNotFoundException'{0x00000000d5e5d5b8}> (0x00000000d5e5d5b8) 
thrown [s\src\hotspot\share\prims\jni.cpp, line 520]
Event: 9.729 Thread 0x0000012a46b9b450 Exception <a 'java/io/FileNotFoundException'{0x00000000d5e5e5d0}> (0x00000000d5e5e5d0) 
thrown [s\src\hotspot\share\prims\jni.cpp, line 520]
Event: 9.845 Thread 0x0000012a46b9b450 Exception <a 'sun/nio/fs/WindowsException'{0x00000000d56a05f0}> (0x00000000d56a05f0) 
thrown [s\src\hotspot\share\prims\jni.cpp, line 520]
Event: 9.849 Thread 0x0000012a46b96c20 Exception <a 'sun/nio/fs/WindowsException'{0x00000000d56c38a8}> (0x00000000d56c38a8) 
thrown [s\src\hotspot\share\prims\jni.cpp, line 520]
Event: 9.850 Thread 0x0000012a46b97fd0 Exception <a 'sun/nio/fs/WindowsException'{0x00000000d56d1470}> (0x00000000d56d1470) 
thrown [s\src\hotspot\share\prims\jni.cpp, line 520]
Event: 9.851 Thread 0x0000012a46b95f00 Exception <a 'sun/nio/fs/WindowsException'{0x00000000d56df2b8}> (0x00000000d56df2b8) 
thrown [s\src\hotspot\share\prims\jni.cpp, line 520]
Event: 9.852 Thread 0x0000012a46b95f00 Exception <a 'sun/nio/fs/WindowsException'{0x00000000d56dfce8}> (0x00000000d56dfce8) 
thrown [s\src\hotspot\share\prims\jni.cpp, line 520]
Event: 9.853 Thread 0x0000012a4837c470 Exception <a 'sun/nio/fs/WindowsException'{0x00000000d56ece20}> (0x00000000d56ece20) 
thrown [s\src\hotspot\share\prims\jni.cpp, line 520]
Event: 9.853 Thread 0x0000012a48379d10 Exception <a 'sun/nio/fs/WindowsException'{0x00000000d56fa9b8}> (0x00000000d56fa9b8) 
thrown [s\src\hotspot\share\prims\jni.cpp, line 520]
Event: 9.853 Thread 0x0000012a46b95f00 Exception <a 'sun/nio/fs/WindowsException'{0x00000000d56e0718}> (0x00000000d56e0718) 
thrown [s\src\hotspot\share\prims\jni.cpp, line 520]
Event: 9.854 Thread 0x0000012a48379d10 Exception <a 'sun/nio/fs/WindowsException'{0x00000000d56fb3e8}> (0x00000000d56fb3e8) 
thrown [s\src\hotspot\share\prims\jni.cpp, line 520]
Event: 9.854 Thread 0x0000012a4837c470 Exception <a 'sun/nio/fs/WindowsException'{0x00000000d56ed828}> (0x00000000d56ed828) 
thrown [s\src\hotspot\share\prims\jni.cpp, line 520]
Event: 9.856 Thread 0x0000012a48379d10 Exception <a 'sun/nio/fs/WindowsException'{0x00000000d56fbde8}> (0x00000000d56fbde8) 
thrown [s\src\hotspot\share\prims\jni.cpp, line 520]
Event: 10.054 Thread 0x0000012a47c62710 Exception <a 'java/lang/IncompatibleClassChangeError'{0x00000000d5bba4f0}: Found class java.lang.Object, but interface was expected> (0x00000000d5bba4f0) 
thrown [s\src\hotspot\share\interpreter\linkResolver.cpp, line 840]
Event: 10.122 Thread 0x0000012a47c62710 Exception <a 'java/lang/IncompatibleClassChangeError'{0x00000000d5c6d0e0}: Found class java.lang.Object, but interface was expected> (0x00000000d5c6d0e0) 
thrown [s\src\hotspot\share\interpreter\linkResolver.cpp, line 840]
Event: 10.123 Thread 0x0000012a47c5ffb0 Exception <a 'java/lang/NoSuchMethodError'{0x00000000d5fec200}: 'int java.lang.invoke.Invokers$Holder.invokeExact_MT(java.lang.Object, java.lang.Object)'> (0x00000000d5fec200) 
thrown [s\src\hotspot\share\interpreter\linkResolver.cpp, line 773]
Event: 10.202 Thread 0x0000012a47c60cd0 Implicit null exception at 0x0000012a6e8cca02 to 0x0000012a6e8ccafc
Event: 10.203 Thread 0x0000012a47c60cd0 Implicit null exception at 0x0000012a6e94d75a to 0x0000012a6e94d7e1
Event: 10.246 Thread 0x0000012a47c62da0 Exception <a 'java/lang/NoSuchMethodError'{0x00000000d5ac5ec0}: 'java.lang.Object java.lang.invoke.DirectMethodHandle$Holder.invokeStaticInit(java.lang.Object, java.lang.Object, java.lang.Object)'> (0x00000000d5ac5ec0) 
thrown [s\src\hotspot\share\interpreter\linkResolver.cpp, line 773]
Event: 10.283 Thread 0x0000012a4837b0c0 Exception <a 'sun/nio/fs/WindowsException'{0x00000000d5ea5aa0}> (0x00000000d5ea5aa0) 
thrown [s\src\hotspot\share\prims\jni.cpp, line 520]

ZGC Phase Switch (0 events):
No events

VM Operations (20 events):
Event: 10.199 Executing VM operation: ParallelGCFailedAllocation (Allocation Failure)
Event: 10.202 Executing VM operation: ParallelGCFailedAllocation (Allocation Failure) done
Event: 10.236 Executing VM operation: HandshakeAllThreads (Deoptimize)
Event: 10.237 Executing VM operation: HandshakeAllThreads (Deoptimize) done
Event: 10.286 Executing VM operation: HandshakeAllThreads (Deoptimize)
Event: 10.286 Executing VM operation: HandshakeAllThreads (Deoptimize) done
Event: 10.303 Executing VM operation: ParallelGCFailedAllocation (Allocation Failure)
Event: 10.305 Executing VM operation: ParallelGCFailedAllocation (Allocation Failure) done
Event: 10.387 Executing VM operation: ParallelGCFailedAllocation (Allocation Failure)
Event: 10.398 Executing VM operation: ParallelGCFailedAllocation (Allocation Failure) done
Event: 10.458 Executing VM operation: ParallelGCFailedAllocation (Allocation Failure)
Event: 10.460 Executing VM operation: ParallelGCFailedAllocation (Allocation Failure) done
Event: 10.498 Executing VM operation: ParallelGCFailedAllocation (Allocation Failure)
Event: 10.516 Executing VM operation: ParallelGCFailedAllocation (Allocation Failure) done
Event: 10.522 Executing VM operation: HandshakeAllThreads (Deoptimize)
Event: 10.522 Executing VM operation: HandshakeAllThreads (Deoptimize) done
Event: 10.572 Executing VM operation: ParallelGCFailedAllocation (Allocation Failure)
Event: 10.582 Executing VM operation: ParallelGCFailedAllocation (Allocation Failure) done
Event: 10.648 Executing VM operation: ParallelGCFailedAllocation (Allocation Failure)
Event: 10.659 Executing VM operation: ParallelGCFailedAllocation (Allocation Failure) done

Memory protections (0 events):
No events

Nmethod flushes (20 events):
Event: 5.465 Thread 0x0000012a7a4955e0 flushing  nmethod 0x0000012a672b3490
Event: 5.465 Thread 0x0000012a7a4955e0 flushing  nmethod 0x0000012a672ef190
Event: 5.465 Thread 0x0000012a7a4955e0 flushing  nmethod 0x0000012a672ef590
Event: 5.465 Thread 0x0000012a7a4955e0 flushing  nmethod 0x0000012a672efe90
Event: 5.465 Thread 0x0000012a7a4955e0 flushing  nmethod 0x0000012a672f1090
Event: 5.465 Thread 0x0000012a7a4955e0 flushing  nmethod 0x0000012a672f1890
Event: 5.465 Thread 0x0000012a7a4955e0 flushing  nmethod 0x0000012a672f2010
Event: 5.465 Thread 0x0000012a7a4955e0 flushing  nmethod 0x0000012a672f2990
Event: 5.465 Thread 0x0000012a7a4955e0 flushing  nmethod 0x0000012a672f2e90
Event: 5.465 Thread 0x0000012a7a4955e0 flushing  nmethod 0x0000012a672f3e10
Event: 5.465 Thread 0x0000012a7a4955e0 flushing  nmethod 0x0000012a672f4710
Event: 5.465 Thread 0x0000012a7a4955e0 flushing  nmethod 0x0000012a672f5410
Event: 5.465 Thread 0x0000012a7a4955e0 flushing  nmethod 0x0000012a672f6090
Event: 5.465 Thread 0x0000012a7a4955e0 flushing  nmethod 0x0000012a67300910
Event: 5.465 Thread 0x0000012a7a4955e0 flushing  nmethod 0x0000012a6731f790
Event: 5.465 Thread 0x0000012a7a4955e0 flushing  nmethod 0x0000012a67332010
Event: 5.465 Thread 0x0000012a7a4955e0 flushing  nmethod 0x0000012a67335b90
Event: 5.465 Thread 0x0000012a7a4955e0 flushing  nmethod 0x0000012a6733cf90
Event: 5.465 Thread 0x0000012a7a4955e0 flushing  nmethod 0x0000012a673cc510
Event: 5.465 Thread 0x0000012a7a4955e0 flushing  nmethod 0x0000012a6740a390

Events (20 events):
Event: 9.501 Thread 0x0000012a484697d0 Thread exited: 0x0000012a484697d0
Event: 9.502 Thread 0x0000012a46208020 Thread exited: 0x0000012a46208020
Event: 9.517 Thread 0x0000012a464d1b80 Thread added: 0x0000012a46b9b450
Event: 9.518 Thread 0x0000012a46b9b450 Thread added: 0x0000012a46b95870
Event: 9.697 Thread 0x0000012a7a4ceac0 Thread added: 0x0000012a4846b9e0
Event: 9.849 Thread 0x0000012a46b9b450 Thread added: 0x0000012a46b96c20
Event: 9.850 Thread 0x0000012a46b96c20 Thread added: 0x0000012a46b97fd0
Event: 9.850 Thread 0x0000012a46b96c20 Thread added: 0x0000012a46b95f00
Event: 9.851 Thread 0x0000012a46b95f00 Thread added: 0x0000012a46b97940
Event: 9.851 Thread 0x0000012a46b97fd0 Thread added: 0x0000012a4837c470
Event: 9.852 Thread 0x0000012a46b97fd0 Thread added: 0x0000012a48379d10
Event: 9.852 Thread 0x0000012a4837c470 Thread added: 0x0000012a4837b750
Event: 9.853 Thread 0x0000012a48379d10 Thread added: 0x0000012a4837d190
Event: 9.902 Thread 0x0000012a46b9b450 Thread added: 0x0000012a4837ebd0
Event: 9.902 Thread 0x0000012a46b9b450 Thread added: 0x0000012a4837cb00
Event: 9.902 Thread 0x0000012a46b9b450 Thread added: 0x0000012a4837ff80
Event: 9.902 Thread 0x0000012a46b9b450 Thread added: 0x0000012a4837f260
Event: 9.902 Thread 0x0000012a4837ebd0 Thread added: 0x0000012a4837d820
Event: 9.902 Thread 0x0000012a4837cb00 Thread added: 0x0000012a4837aa30
Event: 10.195 Thread 0x0000012a47c5f290 Thread added: 0x0000012a4837b0c0


Dynamic libraries:
0x00007ff64ce00000 - 0x00007ff64ce0e000 	c:\Users\murum\.vscode\extensions\redhat.java-1.46.0-win32-x64\jre\21.0.8-win32-x86_64\bin\java.exe
0x00007ffb763f0000 - 0x00007ffb76607000 	C:\WINDOWS\SYSTEM32\ntdll.dll
0x00007ffb75700000 - 0x00007ffb757c4000 	C:\WINDOWS\System32\KERNEL32.DLL
0x00007ffb73820000 - 0x00007ffb73bf3000 	C:\WINDOWS\System32\KERNELBASE.dll
0x00007ffb73f70000 - 0x00007ffb74081000 	C:\WINDOWS\System32\ucrtbase.dll
0x00007ffb59f90000 - 0x00007ffb59fa8000 	c:\Users\murum\.vscode\extensions\redhat.java-1.46.0-win32-x64\jre\21.0.8-win32-x86_64\bin\jli.dll
0x00007ffb746c0000 - 0x00007ffb74872000 	C:\WINDOWS\System32\USER32.dll
0x00007ffb644a0000 - 0x00007ffb644be000 	c:\Users\murum\.vscode\extensions\redhat.java-1.46.0-win32-x64\jre\21.0.8-win32-x86_64\bin\VCRUNTIME140.dll
0x00007ffb73570000 - 0x00007ffb73596000 	C:\WINDOWS\System32\win32u.dll
0x00007ffb74c90000 - 0x00007ffb74cb9000 	C:\WINDOWS\System32\GDI32.dll
0x00007ffb58c50000 - 0x00007ffb58eec000 	C:\WINDOWS\WinSxS\amd64_microsoft.windows.common-controls_6595b64144ccf1df_6.0.22621.5983_none_2714a6b37381578e\COMCTL32.dll
0x00007ffb75560000 - 0x00007ffb75607000 	C:\WINDOWS\System32\msvcrt.dll
0x00007ffb73da0000 - 0x00007ffb73ec3000 	C:\WINDOWS\System32\gdi32full.dll
0x00007ffb73ed0000 - 0x00007ffb73f6a000 	C:\WINDOWS\System32\msvcp_win.dll
0x00007ffb762c0000 - 0x00007ffb762f1000 	C:\WINDOWS\System32\IMM32.DLL
0x00007ffb66d80000 - 0x00007ffb66d8c000 	c:\Users\murum\.vscode\extensions\redhat.java-1.46.0-win32-x64\jre\21.0.8-win32-x86_64\bin\vcruntime140_1.dll
0x00007ffb316f0000 - 0x00007ffb3177d000 	c:\Users\murum\.vscode\extensions\redhat.java-1.46.0-win32-x64\jre\21.0.8-win32-x86_64\bin\msvcp140.dll
0x00007ffb032b0000 - 0x00007ffb04047000 	c:\Users\murum\.vscode\extensions\redhat.java-1.46.0-win32-x64\jre\21.0.8-win32-x86_64\bin\server\jvm.dll
0x00007ffb74600000 - 0x00007ffb746b1000 	C:\WINDOWS\System32\ADVAPI32.dll
0x00007ffb75650000 - 0x00007ffb756f8000 	C:\WINDOWS\System32\sechost.dll
0x00007ffb73d70000 - 0x00007ffb73d98000 	C:\WINDOWS\System32\bcrypt.dll
0x00007ffb75830000 - 0x00007ffb75948000 	C:\WINDOWS\System32\RPCRT4.dll
0x00007ffb74530000 - 0x00007ffb745a1000 	C:\WINDOWS\System32\WS2_32.dll
0x00007ffb733c0000 - 0x00007ffb7340d000 	C:\WINDOWS\SYSTEM32\POWRPROF.dll
0x00007ffb6a580000 - 0x00007ffb6a5b4000 	C:\WINDOWS\SYSTEM32\WINMM.dll
0x00007ffb69f70000 - 0x00007ffb69f7a000 	C:\WINDOWS\SYSTEM32\VERSION.dll
0x00007ffb733a0000 - 0x00007ffb733b3000 	C:\WINDOWS\SYSTEM32\UMPDC.dll
0x00007ffb724c0000 - 0x00007ffb724d8000 	C:\WINDOWS\SYSTEM32\kernel.appcore.dll
0x00007ffb66a40000 - 0x00007ffb66a4a000 	c:\Users\murum\.vscode\extensions\redhat.java-1.46.0-win32-x64\jre\21.0.8-win32-x86_64\bin\jimage.dll
0x00007ffb70840000 - 0x00007ffb70a73000 	C:\WINDOWS\SYSTEM32\DBGHELP.DLL
0x00007ffb74880000 - 0x00007ffb74c11000 	C:\WINDOWS\System32\combase.dll
0x00007ffb75f70000 - 0x00007ffb76048000 	C:\WINDOWS\System32\OLEAUT32.dll
0x00007ffb67820000 - 0x00007ffb67852000 	C:\WINDOWS\SYSTEM32\dbgcore.DLL
0x00007ffb73660000 - 0x00007ffb736db000 	C:\WINDOWS\System32\bcryptPrimitives.dll
0x00007ffb668d0000 - 0x00007ffb668df000 	c:\Users\murum\.vscode\extensions\redhat.java-1.46.0-win32-x64\jre\21.0.8-win32-x86_64\bin\instrument.dll
0x00007ffb592f0000 - 0x00007ffb5930f000 	c:\Users\murum\.vscode\extensions\redhat.java-1.46.0-win32-x64\jre\21.0.8-win32-x86_64\bin\java.dll
0x00007ffb74cc0000 - 0x00007ffb7555e000 	C:\WINDOWS\System32\SHELL32.dll
0x00007ffb736e0000 - 0x00007ffb7381f000 	C:\WINDOWS\System32\wintypes.dll
0x00007ffb713d0000 - 0x00007ffb71ce8000 	C:\WINDOWS\SYSTEM32\windows.storage.dll
0x00007ffb75df0000 - 0x00007ffb75ef4000 	C:\WINDOWS\System32\SHCORE.dll
0x00007ffb75f00000 - 0x00007ffb75f69000 	C:\WINDOWS\System32\shlwapi.dll
0x00007ffb73420000 - 0x00007ffb73445000 	C:\WINDOWS\SYSTEM32\profapi.dll
0x00007ffb57be0000 - 0x00007ffb57bf8000 	c:\Users\murum\.vscode\extensions\redhat.java-1.46.0-win32-x64\jre\21.0.8-win32-x86_64\bin\zip.dll
0x00007ffb66790000 - 0x00007ffb667a0000 	C:\Users\murum\.vscode\extensions\redhat.java-1.46.0-win32-x64\jre\21.0.8-win32-x86_64\bin\net.dll
0x00007ffb6b360000 - 0x00007ffb6b48c000 	C:\WINDOWS\SYSTEM32\WINHTTP.dll
0x00007ffb729a0000 - 0x00007ffb72a09000 	C:\WINDOWS\system32\mswsock.dll
0x00007ffb55400000 - 0x00007ffb55416000 	C:\Users\murum\.vscode\extensions\redhat.java-1.46.0-win32-x64\jre\21.0.8-win32-x86_64\bin\nio.dll
0x00007ffb66330000 - 0x00007ffb66340000 	c:\Users\murum\.vscode\extensions\redhat.java-1.46.0-win32-x64\jre\21.0.8-win32-x86_64\bin\verify.dll
0x00007ffb3deb0000 - 0x00007ffb3def4000 	C:\Users\murum\AppData\Roaming\Code\User\globalStorage\redhat.java\1.46.0\config_win\org.eclipse.equinox.launcher\org.eclipse.equinox.launcher.win32.win32.x86_64_1.2.1400.v20250801-0854\eclipse_11916.dll
0x00007ffb75af0000 - 0x00007ffb75c90000 	C:\WINDOWS\System32\ole32.dll
0x00007ffb72bf0000 - 0x00007ffb72c0b000 	C:\WINDOWS\SYSTEM32\CRYPTSP.dll
0x00007ffb72420000 - 0x00007ffb72457000 	C:\WINDOWS\system32\rsaenh.dll
0x00007ffb72a90000 - 0x00007ffb72ab8000 	C:\WINDOWS\SYSTEM32\USERENV.dll
0x00007ffb72c10000 - 0x00007ffb72c1c000 	C:\WINDOWS\SYSTEM32\CRYPTBASE.dll
0x00007ffb71f90000 - 0x00007ffb71fbd000 	C:\WINDOWS\SYSTEM32\IPHLPAPI.DLL
0x00007ffb76050000 - 0x00007ffb76059000 	C:\WINDOWS\System32\NSI.dll
0x00007ffb39a30000 - 0x00007ffb39a79000 	C:\Users\murum\AppData\Local\Temp\jna-104262626\jna17147890919911163206.dll
0x00007ffb75640000 - 0x00007ffb75648000 	C:\WINDOWS\System32\PSAPI.DLL
0x00007ffb6aa50000 - 0x00007ffb6aa69000 	C:\WINDOWS\SYSTEM32\dhcpcsvc6.DLL
0x00007ffb6a850000 - 0x00007ffb6a86f000 	C:\WINDOWS\SYSTEM32\dhcpcsvc.DLL
0x00007ffb66050000 - 0x00007ffb6605e000 	C:\Users\murum\.vscode\extensions\redhat.java-1.46.0-win32-x64\jre\21.0.8-win32-x86_64\bin\sunmscapi.dll
0x00007ffb73c00000 - 0x00007ffb73d68000 	C:\WINDOWS\System32\CRYPT32.dll
0x00007ffb72db0000 - 0x00007ffb72dde000 	C:\WINDOWS\SYSTEM32\ncrypt.dll
0x00007ffb72d70000 - 0x00007ffb72da7000 	C:\WINDOWS\SYSTEM32\NTASN1.dll

JVMTI agents:
c:\Users\murum\.vscode\extensions\redhat.java-1.46.0-win32-x64\lombok\lombok-1.18.39-4050.jar path:c:\Users\murum\.vscode\extensions\redhat.java-1.46.0-win32-x64\jre\21.0.8-win32-x86_64\bin\instrument.dll, loaded, initialized, instrumentlib options:none

dbghelp: loaded successfully - version: 4.0.5 - missing functions: none
symbol engine: initialized successfully - sym options: 0x614 - pdb path: .;c:\Users\murum\.vscode\extensions\redhat.java-1.46.0-win32-x64\jre\21.0.8-win32-x86_64\bin;C:\WINDOWS\SYSTEM32;C:\WINDOWS\WinSxS\amd64_microsoft.windows.common-controls_6595b64144ccf1df_6.0.22621.5983_none_2714a6b37381578e;c:\Users\murum\.vscode\extensions\redhat.java-1.46.0-win32-x64\jre\21.0.8-win32-x86_64\bin\server;C:\Users\murum\AppData\Roaming\Code\User\globalStorage\redhat.java\1.46.0\config_win\org.eclipse.equinox.launcher\org.eclipse.equinox.launcher.win32.win32.x86_64_1.2.1400.v20250801-0854;C:\Users\murum\AppData\Local\Temp\jna-104262626

VM Arguments:
jvm_args: --add-modules=ALL-SYSTEM --add-opens=java.base/java.util=ALL-UNNAMED --add-opens=java.base/java.lang=ALL-UNNAMED --add-opens=java.base/sun.nio.fs=ALL-UNNAMED -Declipse.application=org.eclipse.jdt.ls.core.id1 -Dosgi.bundles.defaultStartLevel=4 -Declipse.product=org.eclipse.jdt.ls.core.product -Djava.import.generatesMetadataFilesAtProjectRoot=false -DDetectVMInstallationsJob.disabled=true -Dfile.encoding=utf8 -XX:+UseParallelGC -XX:GCTimeRatio=4 -XX:AdaptiveSizePolicyWeight=90 -Dsun.zip.disableMemoryMapping=true -Xmx2G -Xms100m -Xlog:disable -javaagent:c:\Users\murum\.vscode\extensions\redhat.java-1.46.0-win32-x64\lombok\lombok-1.18.39-4050.jar -XX:+HeapDumpOnOutOfMemoryError -XX:HeapDumpPath=c:\Users\murum\AppData\Roaming\Code\User\workspaceStorage\e6e2e0598e42d56deb2504da3df6b146\redhat.java -Daether.dependencyCollector.impl=bf 
java_command: c:\Users\murum\.vscode\extensions\redhat.java-1.46.0-win32-x64\server\plugins\org.eclipse.equinox.launcher_1.7.0.v20250519-0528.jar -configuration c:\Users\murum\AppData\Roaming\Code\User\globalStorage\redhat.java\1.46.0\config_win -data c:\Users\murum\AppData\Roaming\Code\User\workspaceStorage\e6e2e0598e42d56deb2504da3df6b146\redhat.java\jdt_ws --pipe=\\.\pipe\lsp-fa7252996be2107e777a5abfc75952c9-sock
java_class_path (initial): c:\Users\murum\.vscode\extensions\redhat.java-1.46.0-win32-x64\server\plugins\org.eclipse.equinox.launcher_1.7.0.v20250519-0528.jar
Launcher Type: SUN_STANDARD

[Global flags]
    uintx AdaptiveSizePolicyWeight                 = 90                                        {product} {command line}
     intx CICompilerCount                          = 4                                         {product} {ergonomic}
    uintx GCTimeRatio                              = 4                                         {product} {command line}
     bool HeapDumpOnOutOfMemoryError               = true                                   {manageable} {command line}
    ccstr HeapDumpPath                             = c:\Users\murum\AppData\Roaming\Code\User\workspaceStorage\e6e2e0598e42d56deb2504da3df6b146\redhat.java         {manageable} {command line}
   size_t InitialHeapSize                          = 104857600                                 {product} {command line}
   size_t MaxHeapSize                              = 2147483648                                {product} {command line}
   size_t MaxNewSize                               = 715653120                                 {product} {ergonomic}
   size_t MinHeapDeltaBytes                        = 524288                                    {product} {ergonomic}
   size_t MinHeapSize                              = 104857600                                 {product} {command line}
   size_t NewSize                                  = 34603008                                  {product} {ergonomic}
    uintx NonNMethodCodeHeapSize                   = 5839372                                {pd product} {ergonomic}
    uintx NonProfiledCodeHeapSize                  = 122909434                              {pd product} {ergonomic}
   size_t OldSize                                  = 70254592                                  {product} {ergonomic}
    uintx ProfiledCodeHeapSize                     = 122909434                              {pd product} {ergonomic}
    uintx ReservedCodeCacheSize                    = 251658240                              {pd product} {ergonomic}
     bool SegmentedCodeCache                       = true                                      {product} {ergonomic}
   size_t SoftMaxHeapSize                          = 2147483648                             {manageable} {ergonomic}
     bool UseCompressedOops                        = true                           {product lp64_product} {ergonomic}
     bool UseLargePagesIndividualAllocation        = false                                  {pd product} {ergonomic}
     bool UseParallelGC                            = true                                      {product} {command line}

Logging:
Log output configuration:
 #0: stdout all=off uptime,level,tags foldmultilines=false
 #1: stderr all=off uptime,level,tags foldmultilines=false

Environment Variables:
PATH=C:\Python313\Scripts\;C:\Python313\;C:\Program Files\Common Files\Oracle\Java\javapath;C:\Windows\system32;C:\Windows;C:\Windows\System32\Wbem;C:\Windows\System32\WindowsPowerShell\v1.0\;C:\Windows\System32\OpenSSH\;C:\Program Files\NVIDIA Corporation\NVIDIA NvDLISR;C:\WINDOWS\system32;C:\WINDOWS;C:\WINDOWS\System32\Wbem;C:\WINDOWS\System32\WindowsPowerShell\v1.0\;C:\WINDOWS\System32\OpenSSH\;C:\Program Files\Java\jdk-21\bin;C:\Program Files\Git\cmd;C:\Users\murum\OneDrive\Desktop\projects\apache-maven-3.9.11;C:\Users\murum\OneDrive\Desktop\projects\apache-maven-3.9.11\bin;C:\Program Files\nodejs\;C:\ProgramData\chocolatey\bin;C:\Users\murum\AppData\Local\Microsoft\WindowsApps;C:\Program Files\sf\bin;C:\Users\murum\Downloads\apache-maven-3.9.11-bin.zip;C:\Users\murum\OneDrive\Desktop\projects\apache-maven-3.9.11;C:\Program Files\sf\bin;C:\Users\murum\AppData\Local\Programs\Microsoft VS Code\bin;C:\Users\murum\AppData\Roaming\npm
USERNAME=murum
OS=Windows_NT
PROCESSOR_IDENTIFIER=Intel64 Family 6 Model 140 Stepping 1, GenuineIntel
TMP=C:\Users\murum\AppData\Local\Temp
TEMP=C:\Users\murum\AppData\Local\Temp




Periodic native trim disabled

---------------  S Y S T E M  ---------------

OS:
 Windows 11 , 64 bit Build 22621 (10.0.22621.5415)
OS uptime: 3 days 2:18 hours

CPU: total 8 (initial active 8) (4 cores per cpu, 2 threads per core) family 6 model 140 stepping 1 microcode 0xbc, cx8, cmov, fxsr, ht, mmx, 3dnowpref, sse, sse2, sse3, ssse3, sse4.1, sse4.2, popcnt, lzcnt, tsc, tscinvbit, avx, avx2, aes, erms, clmul, bmi1, bmi2, adx, avx512f, avx512dq, avx512cd, avx512bw, avx512vl, sha, fma, vzeroupper, avx512_vpopcntdq, avx512_vpclmulqdq, avx512_vaes, avx512_vnni, clflush, clflushopt, clwb, avx512_vbmi2, avx512_vbmi, rdtscp, rdpid, fsrm, gfni, avx512_bitalg, f16c, pku, cet_ibt, cet_ss, avx512_ifma
Processor Information for processor 0
  Max Mhz: 2419, Current Mhz: 2419, Mhz Limit: 2419
Processor Information for processor 1
  Max Mhz: 2419, Current Mhz: 2419, Mhz Limit: 2419
Processor Information for processor 2
  Max Mhz: 2419, Current Mhz: 2419, Mhz Limit: 2419
Processor Information for processor 3
  Max Mhz: 2419, Current Mhz: 2419, Mhz Limit: 2419
Processor Information for processor 4
  Max Mhz: 2419, Current Mhz: 2419, Mhz Limit: 2419
Processor Information for processor 5
  Max Mhz: 2419, Current Mhz: 2419, Mhz Limit: 2419
Processor Information for processor 6
  Max Mhz: 2419, Current Mhz: 2419, Mhz Limit: 2419
Processor Information for processor 7
  Max Mhz: 2419, Current Mhz: 1007, Mhz Limit: 2419

Memory: 4k page, system-wide physical 7918M (446M free)
TotalPageFile size 12846M (AvailPageFile size 3M)
current process WorkingSet (physical memory assigned to process): 318M, peak: 318M
current process commit charge ("private bytes"): 391M, peak: 402M

vm_info: OpenJDK 64-Bit Server VM (21.0.8+9-LTS) for windows-amd64 JRE (21.0.8+9-LTS), built on 2025-07-15T00:00:00Z by "admin" with MS VC++ 17.7 (VS2022)

END.
