#
# There is insufficient memory for the Java Runtime Environment to continue.
# Native memory allocation (malloc) failed to allocate 1514256 bytes. Error detail: Chunk::new
# Possible reasons:
#   The system is out of physical RAM or swap space
#   This process is running with CompressedOops enabled, and the Java Heap may be blocking the growth of the native heap
# Possible solutions:
#   Reduce memory load on the system
#   Increase physical memory or swap space
#   Check if swap backing store is full
#   Decrease Java heap size (-Xmx/-Xms)
#   Decrease number of Java threads
#   Decrease Java thread stack sizes (-Xss)
#   Set larger code cache with -XX:ReservedCodeCacheSize=
#   JVM is running with Unscaled Compressed Oops mode in which the Java heap is
#     placed in the first 4GB address space. The Java Heap base address is the
#     maximum limit for the native heap growth. Please use -XX:HeapBaseMinAddress
#     to set the Java Heap base and to place the Java Heap above 4GB virtual address.
# This output file may be truncated or incomplete.
#
#  Out of Memory Error (arena.cpp:168), pid=21544, tid=2424
#
# JRE version: OpenJDK Runtime Environment Temurin-21.0.8+9 (21.0.8+9) (build 21.0.8+9-LTS)
# Java VM: OpenJDK 64-Bit Server VM Temurin-21.0.8+9 (21.0.8+9-LTS, mixed mode, sharing, tiered, compressed oops, compressed class ptrs, parallel gc, windows-amd64)
# No core dump will be written. Minidumps are not enabled by default on client versions of Windows
#

---------------  S U M M A R Y ------------

Command Line: --add-modules=ALL-SYSTEM --add-opens=java.base/java.util=ALL-UNNAMED --add-opens=java.base/java.lang=ALL-UNNAMED --add-opens=java.base/sun.nio.fs=ALL-UNNAMED -Declipse.application=org.eclipse.jdt.ls.core.id1 -Dosgi.bundles.defaultStartLevel=4 -Declipse.product=org.eclipse.jdt.ls.core.product -Djava.import.generatesMetadataFilesAtProjectRoot=false -DDetectVMInstallationsJob.disabled=true -Dfile.encoding=utf8 -XX:+UseParallelGC -XX:GCTimeRatio=4 -XX:AdaptiveSizePolicyWeight=90 -Dsun.zip.disableMemoryMapping=true -Xmx2G -Xms100m -Xlog:disable -javaagent:c:\Users\murum\.vscode\extensions\redhat.java-1.46.0-win32-x64\lombok\lombok-1.18.39-4050.jar c:\Users\murum\.vscode\extensions\redhat.java-1.46.0-win32-x64\server\plugins\org.eclipse.equinox.launcher_1.7.0.v20250519-0528.jar -configuration c:\Users\murum\AppData\Roaming\Code\User\globalStorage\redhat.java\1.46.0\config_ss_win -data c:\Users\murum\AppData\Roaming\Code\User\workspaceStorage\e6e2e0598e42d56deb2504da3df6b146\redhat.java\ss_ws --pipe=\\.\pipe\lsp-3079f487878e39402c8e4d318230d2ac-sock

Host: 11th Gen Intel(R) Core(TM) i5-1135G7 @ 2.40GHz, 8 cores, 7G,  Windows 11 , 64 bit Build 22621 (10.0.22621.5415)
Time: Mon Oct 27 13:06:32 2025 India Standard Time elapsed time: 14.946136 seconds (0d 0h 0m 14s)

---------------  T H R E A D  ---------------

Current thread (0x000001f4ff483410):  JavaThread "C2 CompilerThread0" daemon [_thread_in_native, id=2424, stack(0x0000003d4a200000,0x0000003d4a300000) (1024K)]


Current CompileTask:
C2:14946 2566       4       java.lang.invoke.MethodType::makeImpl (109 bytes)

Stack: [0x0000003d4a200000,0x0000003d4a300000]
Native frames: (J=compiled Java code, j=interpreted, Vv=VM code, C=native code)
V  [jvm.dll+0x6d2449]
V  [jvm.dll+0x8ae341]
V  [jvm.dll+0x8b08be]
V  [jvm.dll+0x8b0fa3]
V  [jvm.dll+0x280c96]
V  [jvm.dll+0xc581d]
V  [jvm.dll+0xc5d53]
V  [jvm.dll+0x3b9162]
V  [jvm.dll+0x385315]
V  [jvm.dll+0x38477a]
V  [jvm.dll+0x248ed0]
V  [jvm.dll+0x2484af]
V  [jvm.dll+0x1c89ee]
V  [jvm.dll+0x257d4d]
V  [jvm.dll+0x2562ea]
V  [jvm.dll+0x3f2d16]
V  [jvm.dll+0x857e6b]
V  [jvm.dll+0x6d0b0d]
C  [ucrtbase.dll+0x29333]
C  [KERNEL32.DLL+0x1259d]
C  [ntdll.dll+0x5af78]


---------------  P R O C E S S  ---------------

Threads class SMR info:
_java_thread_list=0x000001f4caf467e0, length=20, elements={
0x000001f4eca0edd0, 0x000001f4ff46cc90, 0x000001f4ff46dd30, 0x000001f4ff476f40,
0x000001f4ff477f40, 0x000001f4ff479080, 0x000001f4ff480440, 0x000001f4ff483410,
0x000001f4ff4884f0, 0x000001f4ca0908f0, 0x000001f4ca3fe840, 0x000001f4ca786f00,
0x000001f4cac8dad0, 0x000001f4ca149f60, 0x000001f4ca970cb0, 0x000001f4ca6b71e0,
0x000001f4cab85210, 0x000001f4cafb8580, 0x000001f4ca4a7210, 0x000001f4cb3bc340
}

Java Threads: ( => current thread )
  0x000001f4eca0edd0 JavaThread "main"                              [_thread_blocked, id=17888, stack(0x0000003d49800000,0x0000003d49900000) (1024K)]
  0x000001f4ff46cc90 JavaThread "Reference Handler"          daemon [_thread_blocked, id=22332, stack(0x0000003d49c00000,0x0000003d49d00000) (1024K)]
  0x000001f4ff46dd30 JavaThread "Finalizer"                  daemon [_thread_blocked, id=956, stack(0x0000003d49d00000,0x0000003d49e00000) (1024K)]
  0x000001f4ff476f40 JavaThread "Signal Dispatcher"          daemon [_thread_blocked, id=1116, stack(0x0000003d49e00000,0x0000003d49f00000) (1024K)]
  0x000001f4ff477f40 JavaThread "Attach Listener"            daemon [_thread_blocked, id=20056, stack(0x0000003d49f00000,0x0000003d4a000000) (1024K)]
  0x000001f4ff479080 JavaThread "Service Thread"             daemon [_thread_blocked, id=14812, stack(0x0000003d4a000000,0x0000003d4a100000) (1024K)]
  0x000001f4ff480440 JavaThread "Monitor Deflation Thread"   daemon [_thread_blocked, id=4540, stack(0x0000003d4a100000,0x0000003d4a200000) (1024K)]
=>0x000001f4ff483410 JavaThread "C2 CompilerThread0"         daemon [_thread_in_native, id=2424, stack(0x0000003d4a200000,0x0000003d4a300000) (1024K)]
  0x000001f4ff4884f0 JavaThread "C1 CompilerThread0"         daemon [_thread_blocked, id=11464, stack(0x0000003d4a300000,0x0000003d4a400000) (1024K)]
  0x000001f4ca0908f0 JavaThread "Common-Cleaner"             daemon [_thread_blocked, id=7712, stack(0x0000003d4a400000,0x0000003d4a500000) (1024K)]
  0x000001f4ca3fe840 JavaThread "Notification Thread"        daemon [_thread_blocked, id=5216, stack(0x0000003d4a600000,0x0000003d4a700000) (1024K)]
  0x000001f4ca786f00 JavaThread "Active Thread: Equinox Container: 7e40429c-52be-4573-80de-c907e8e4a9d6"        [_thread_blocked, id=7808, stack(0x0000003d4ae00000,0x0000003d4af00000) (1024K)]
  0x000001f4cac8dad0 JavaThread "Framework Event Dispatcher: Equinox Container: 7e40429c-52be-4573-80de-c907e8e4a9d6" daemon [_thread_blocked, id=10588, stack(0x0000003d4a500000,0x0000003d4a600000) (1024K)]
  0x000001f4ca149f60 JavaThread "Start Level: Equinox Container: 7e40429c-52be-4573-80de-c907e8e4a9d6" daemon [_thread_in_vm, id=13516, stack(0x0000003d4a700000,0x0000003d4a800000) (1024K)]
  0x000001f4ca970cb0 JavaThread "SCR Component Actor"        daemon [_thread_blocked, id=13340, stack(0x0000003d4b000000,0x0000003d4b100000) (1024K)]
  0x000001f4ca6b71e0 JavaThread "Worker-JM"                         [_thread_blocked, id=4688, stack(0x0000003d4b100000,0x0000003d4b200000) (1024K)]
  0x000001f4cab85210 JavaThread "JNA Cleaner"                daemon [_thread_blocked, id=17516, stack(0x0000003d4b200000,0x0000003d4b300000) (1024K)]
  0x000001f4cafb8580 JavaThread "Worker-0"                          [_thread_blocked, id=2108, stack(0x0000003d4b300000,0x0000003d4b400000) (1024K)]
  0x000001f4ca4a7210 JavaThread "Worker-1"                          [_thread_blocked, id=21924, stack(0x0000003d4b400000,0x0000003d4b500000) (1024K)]
  0x000001f4cb3bc340 JavaThread "C2 CompilerThread1"         daemon [_thread_in_native, id=224, stack(0x0000003d4b500000,0x0000003d4b600000) (1024K)]
Total: 20

Other Threads:
  0x000001f4ecace820 VMThread "VM Thread"                           [id=10096, stack(0x0000003d49b00000,0x0000003d49c00000) (1024K)]
  0x000001f4eca78750 WatcherThread "VM Periodic Task Thread"        [id=20172, stack(0x0000003d49a00000,0x0000003d49b00000) (1024K)]
  0x000001f4eca2d100 WorkerThread "GC Thread#0"                     [id=4600, stack(0x0000003d49900000,0x0000003d49a00000) (1024K)]
  0x000001f4ca90d540 WorkerThread "GC Thread#1"                     [id=4580, stack(0x0000003d4a800000,0x0000003d4a900000) (1024K)]
  0x000001f4ca5951d0 WorkerThread "GC Thread#2"                     [id=13056, stack(0x0000003d4a900000,0x0000003d4aa00000) (1024K)]
  0x000001f4ca595570 WorkerThread "GC Thread#3"                     [id=20156, stack(0x0000003d4aa00000,0x0000003d4ab00000) (1024K)]
  0x000001f4ca599980 WorkerThread "GC Thread#4"                     [id=17832, stack(0x0000003d4ab00000,0x0000003d4ac00000) (1024K)]
  0x000001f4ca599d20 WorkerThread "GC Thread#5"                     [id=16884, stack(0x0000003d4ac00000,0x0000003d4ad00000) (1024K)]
  0x000001f4ca59a0c0 WorkerThread "GC Thread#6"                     [id=13708, stack(0x0000003d4ad00000,0x0000003d4ae00000) (1024K)]
  0x000001f4cacda4d0 WorkerThread "GC Thread#7"                     [id=8768, stack(0x0000003d4af00000,0x0000003d4b000000) (1024K)]
Total: 10

Threads with active compile tasks:
C2 CompilerThread0  14971 2566       4       java.lang.invoke.MethodType::makeImpl (109 bytes)
C2 CompilerThread1  14971 2633       4       org.lombokweb.asm.ClassReader::readClass (7 bytes)
Total: 2

VM state: not at safepoint (normal execution)

VM Mutex/Monitor currently owned by a thread: None

Heap address: 0x0000000080000000, size: 2048 MB, Compressed Oops mode: 32-bit

CDS archive(s) mapped at: [0x000001f484000000-0x000001f484ba0000-0x000001f484ba0000), size 12189696, SharedBaseAddress: 0x000001f484000000, ArchiveRelocationMode: 1.
Compressed class space mapped at: 0x000001f485000000-0x000001f4c5000000, reserved size: 1073741824
Narrow klass base: 0x000001f484000000, Narrow klass shift: 0, Narrow klass range: 0x100000000

GC Precious Log:
 CardTable entry size: 512
 CPUs: 8 total, 8 available
 Memory: 7918M
 Large Page Support: Disabled
 NUMA Support: Disabled
 Compressed Oops: Enabled (32-bit)
 Alignments: Space 512K, Generation 512K, Heap 2M
 Heap Min Capacity: 100M
 Heap Initial Capacity: 100M
 Heap Max Capacity: 2G
 Pre-touch: Disabled
 Parallel Workers: 8

Heap:
 PSYoungGen      total 29696K, used 14791K [0x00000000d5580000, 0x00000000d7680000, 0x0000000100000000)
  eden space 25600K, 41% used [0x00000000d5580000,0x00000000d5ff9890,0x00000000d6e80000)
  from space 4096K, 99% used [0x00000000d7280000,0x00000000d7678458,0x00000000d7680000)
  to   space 4096K, 0% used [0x00000000d6e80000,0x00000000d6e80000,0x00000000d7280000)
 ParOldGen       total 68608K, used 4526K [0x0000000080000000, 0x0000000084300000, 0x00000000d5580000)
  object space 68608K, 6% used [0x0000000080000000,0x000000008046bb38,0x0000000084300000)
 Metaspace       used 17271K, committed 17920K, reserved 1114112K
  class space    used 1811K, committed 2112K, reserved 1048576K

Card table byte_map: [0x000001f4ec3e0000,0x000001f4ec7f0000] _byte_map_base: 0x000001f4ebfe0000

Marking Bits: (ParMarkBitMap*) 0x00007ffb03f6a340
 Begin Bits: [0x000001f480000000, 0x000001f482000000)
 End Bits:   [0x000001f482000000, 0x000001f484000000)

Polling page: 0x000001f4ec1d0000

Metaspace:

Usage:
  Non-class:     15.10 MB used.
      Class:      1.77 MB used.
       Both:     16.87 MB used.

Virtual space:
  Non-class space:       64.00 MB reserved,      15.44 MB ( 24%) committed,  1 nodes.
      Class space:        1.00 GB reserved,       2.06 MB ( <1%) committed,  1 nodes.
             Both:        1.06 GB reserved,      17.50 MB (  2%) committed. 

Chunk freelists:
   Non-Class:  96.00 KB
       Class:  13.88 MB
        Both:  13.97 MB

MaxMetaspaceSize: unlimited
CompressedClassSpaceSize: 1.00 GB
Initial GC threshold: 21.00 MB
Current GC threshold: 21.00 MB
CDS: on
 - commit_granule_bytes: 65536.
 - commit_granule_words: 8192.
 - virtual_space_node_default_size: 8388608.
 - enlarge_chunks_in_place: 1.
 - use_allocation_guard: 0.


Internal statistics:

num_allocs_failed_limit: 0.
num_arena_births: 506.
num_arena_deaths: 0.
num_vsnodes_births: 2.
num_vsnodes_deaths: 0.
num_space_committed: 280.
num_space_uncommitted: 0.
num_chunks_returned_to_freelist: 0.
num_chunks_taken_from_freelist: 1159.
num_chunk_merges: 0.
num_chunk_splits: 725.
num_chunks_enlarged: 462.
num_inconsistent_stats: 0.

CodeHeap 'non-profiled nmethods': size=120000Kb used=1118Kb max_used=1118Kb free=118881Kb
 bounds [0x000001f4f76d0000, 0x000001f4f7940000, 0x000001f4fec00000]
CodeHeap 'profiled nmethods': size=120000Kb used=5200Kb max_used=5200Kb free=114799Kb
 bounds [0x000001f4efc00000, 0x000001f4f0120000, 0x000001f4f7130000]
CodeHeap 'non-nmethods': size=5760Kb used=1281Kb max_used=1297Kb free=4478Kb
 bounds [0x000001f4f7130000, 0x000001f4f73a0000, 0x000001f4f76d0000]
CodeCache: size=245760Kb, used=7599Kb, max_used=7615Kb, free=238158Kb
 total_blobs=3212, nmethods=2664, adapters=454, full_count=0
Compilation: enabled, stopped_count=0, restarted_count=0

Compilation events (20 events):
Event: 14.939 Thread 0x000001f4ff4884f0 2616       1       lombok.patcher.Hook::getMethodName (5 bytes)
Event: 14.939 Thread 0x000001f4cb3bc340 2626       4       org.lombokweb.asm.ByteVector::putShort (52 bytes)
Event: 14.940 Thread 0x000001f4ff4884f0 nmethod 2616 0x000001f4f77e6690 code [0x000001f4f77e6820, 0x000001f4f77e68e8]
Event: 14.940 Thread 0x000001f4ff4884f0 2627       3       org.lombokweb.asm.ClassReader::readField (675 bytes)
Event: 14.941 Thread 0x000001f4cb3bc340 nmethod 2626 0x000001f4f77e6990 code [0x000001f4f77e6b40, 0x000001f4f77e6d00]
Event: 14.941 Thread 0x000001f4cb3bc340 2632       4       java.util.ArrayList::<init> (12 bytes)
Event: 14.942 Thread 0x000001f4cb3bc340 nmethod 2632 0x000001f4f77e6e90 code [0x000001f4f77e7020, 0x000001f4f77e70c8]
Event: 14.942 Thread 0x000001f4cb3bc340 2634       4       java.util.regex.Pattern$BmpCharPropertyGreedy::match (89 bytes)
Event: 14.942 Thread 0x000001f4ff4884f0 nmethod 2627 0x000001f4f00fe790 code [0x000001f4f00fed00, 0x000001f4f0101008]
Event: 14.942 Thread 0x000001f4ff4884f0 2620       3       lombok.patcher.MethodTarget::matches (29 bytes)
Event: 14.942 Thread 0x000001f4ff4884f0 nmethod 2620 0x000001f4f0102210 code [0x000001f4f0102420, 0x000001f4f01027e8]
Event: 14.942 Thread 0x000001f4ff4884f0 2628       3       org.lombokweb.asm.ClassWriter::visitField (53 bytes)
Event: 14.943 Thread 0x000001f4ff4884f0 nmethod 2628 0x000001f4f0102a10 code [0x000001f4f0102bc0, 0x000001f4f0102e48]
Event: 14.943 Thread 0x000001f4ff4884f0 2629       3       org.lombokweb.asm.FieldWriter::<init> (69 bytes)
Event: 14.943 Thread 0x000001f4ff4884f0 nmethod 2629 0x000001f4f0102f90 code [0x000001f4f0103180, 0x000001f4f01034f8]
Event: 14.943 Thread 0x000001f4ff4884f0 2635       3       org.lombokweb.asm.Attribute::computeAttributesSize (62 bytes)
Event: 14.944 Thread 0x000001f4ff4884f0 nmethod 2635 0x000001f4f0103710 code [0x000001f4f01038e0, 0x000001f4f0103bc8]
Event: 14.944 Thread 0x000001f4ff4884f0 2636       3       org.lombokweb.asm.Attribute::putAttributes (78 bytes)
Event: 14.944 Thread 0x000001f4ff4884f0 nmethod 2636 0x000001f4f0103d10 code [0x000001f4f0103f80, 0x000001f4f01044a8]
Event: 14.944 Thread 0x000001f4ff4884f0 2630       3       org.lombokweb.asm.FieldVisitor::<init> (7 bytes)

GC Heap History (8 events):
Event: 1.036 GC heap before
{Heap before GC invocations=1 (full 0):
 PSYoungGen      total 29696K, used 25600K [0x00000000d5580000, 0x00000000d7680000, 0x0000000100000000)
  eden space 25600K, 100% used [0x00000000d5580000,0x00000000d6e80000,0x00000000d6e80000)
  from space 4096K, 0% used [0x00000000d7280000,0x00000000d7280000,0x00000000d7680000)
  to   space 4096K, 0% used [0x00000000d6e80000,0x00000000d6e80000,0x00000000d7280000)
 ParOldGen       total 68608K, used 0K [0x0000000080000000, 0x0000000084300000, 0x00000000d5580000)
  object space 68608K, 0% used [0x0000000080000000,0x0000000080000000,0x0000000084300000)
 Metaspace       used 4311K, committed 4544K, reserved 1114112K
  class space    used 471K, committed 576K, reserved 1048576K
}
Event: 1.044 GC heap after
{Heap after GC invocations=1 (full 0):
 PSYoungGen      total 29696K, used 3344K [0x00000000d5580000, 0x00000000d7680000, 0x0000000100000000)
  eden space 25600K, 0% used [0x00000000d5580000,0x00000000d5580000,0x00000000d6e80000)
  from space 4096K, 81% used [0x00000000d6e80000,0x00000000d71c40c8,0x00000000d7280000)
  to   space 4096K, 0% used [0x00000000d7280000,0x00000000d7280000,0x00000000d7680000)
 ParOldGen       total 68608K, used 16K [0x0000000080000000, 0x0000000084300000, 0x00000000d5580000)
  object space 68608K, 0% used [0x0000000080000000,0x0000000080004000,0x0000000084300000)
 Metaspace       used 4311K, committed 4544K, reserved 1114112K
  class space    used 471K, committed 576K, reserved 1048576K
}
Event: 13.128 GC heap before
{Heap before GC invocations=2 (full 0):
 PSYoungGen      total 29696K, used 28944K [0x00000000d5580000, 0x00000000d7680000, 0x0000000100000000)
  eden space 25600K, 100% used [0x00000000d5580000,0x00000000d6e80000,0x00000000d6e80000)
  from space 4096K, 81% used [0x00000000d6e80000,0x00000000d71c40c8,0x00000000d7280000)
  to   space 4096K, 0% used [0x00000000d7280000,0x00000000d7280000,0x00000000d7680000)
 ParOldGen       total 68608K, used 16K [0x0000000080000000, 0x0000000084300000, 0x00000000d5580000)
  object space 68608K, 0% used [0x0000000080000000,0x0000000080004000,0x0000000084300000)
 Metaspace       used 8174K, committed 8448K, reserved 1114112K
  class space    used 874K, committed 1024K, reserved 1048576K
}
Event: 13.138 GC heap after
{Heap after GC invocations=2 (full 0):
 PSYoungGen      total 29696K, used 4079K [0x00000000d5580000, 0x00000000d7680000, 0x0000000100000000)
  eden space 25600K, 0% used [0x00000000d5580000,0x00000000d5580000,0x00000000d6e80000)
  from space 4096K, 99% used [0x00000000d7280000,0x00000000d767bdc8,0x00000000d7680000)
  to   space 4096K, 0% used [0x00000000d6e80000,0x00000000d6e80000,0x00000000d7280000)
 ParOldGen       total 68608K, used 957K [0x0000000080000000, 0x0000000084300000, 0x00000000d5580000)
  object space 68608K, 1% used [0x0000000080000000,0x00000000800ef6b8,0x0000000084300000)
 Metaspace       used 8174K, committed 8448K, reserved 1114112K
  class space    used 874K, committed 1024K, reserved 1048576K
}
Event: 14.043 GC heap before
{Heap before GC invocations=3 (full 0):
 PSYoungGen      total 29696K, used 29679K [0x00000000d5580000, 0x00000000d7680000, 0x0000000100000000)
  eden space 25600K, 100% used [0x00000000d5580000,0x00000000d6e80000,0x00000000d6e80000)
  from space 4096K, 99% used [0x00000000d7280000,0x00000000d767bdc8,0x00000000d7680000)
  to   space 4096K, 0% used [0x00000000d6e80000,0x00000000d6e80000,0x00000000d7280000)
 ParOldGen       total 68608K, used 957K [0x0000000080000000, 0x0000000084300000, 0x00000000d5580000)
  object space 68608K, 1% used [0x0000000080000000,0x00000000800ef6b8,0x0000000084300000)
 Metaspace       used 12969K, committed 13568K, reserved 1114112K
  class space    used 1379K, committed 1664K, reserved 1048576K
}
Event: 14.050 GC heap after
{Heap after GC invocations=3 (full 0):
 PSYoungGen      total 29696K, used 4086K [0x00000000d5580000, 0x00000000d7680000, 0x0000000100000000)
  eden space 25600K, 0% used [0x00000000d5580000,0x00000000d5580000,0x00000000d6e80000)
  from space 4096K, 99% used [0x00000000d6e80000,0x00000000d727d888,0x00000000d7280000)
  to   space 4096K, 0% used [0x00000000d7280000,0x00000000d7280000,0x00000000d7680000)
 ParOldGen       total 68608K, used 2766K [0x0000000080000000, 0x0000000084300000, 0x00000000d5580000)
  object space 68608K, 4% used [0x0000000080000000,0x00000000802b3a98,0x0000000084300000)
 Metaspace       used 12969K, committed 13568K, reserved 1114112K
  class space    used 1379K, committed 1664K, reserved 1048576K
}
Event: 14.919 GC heap before
{Heap before GC invocations=4 (full 0):
 PSYoungGen      total 29696K, used 29664K [0x00000000d5580000, 0x00000000d7680000, 0x0000000100000000)
  eden space 25600K, 99% used [0x00000000d5580000,0x00000000d6e7ab30,0x00000000d6e80000)
  from space 4096K, 99% used [0x00000000d6e80000,0x00000000d727d888,0x00000000d7280000)
  to   space 4096K, 0% used [0x00000000d7280000,0x00000000d7280000,0x00000000d7680000)
 ParOldGen       total 68608K, used 2766K [0x0000000080000000, 0x0000000084300000, 0x00000000d5580000)
  object space 68608K, 4% used [0x0000000080000000,0x00000000802b3a98,0x0000000084300000)
 Metaspace       used 17171K, committed 17792K, reserved 1114112K
  class space    used 1810K, committed 2112K, reserved 1048576K
}
Event: 14.922 GC heap after
{Heap after GC invocations=4 (full 0):
 PSYoungGen      total 29696K, used 4065K [0x00000000d5580000, 0x00000000d7680000, 0x0000000100000000)
  eden space 25600K, 0% used [0x00000000d5580000,0x00000000d5580000,0x00000000d6e80000)
  from space 4096K, 99% used [0x00000000d7280000,0x00000000d7678458,0x00000000d7680000)
  to   space 4096K, 0% used [0x00000000d6e80000,0x00000000d6e80000,0x00000000d7280000)
 ParOldGen       total 68608K, used 4526K [0x0000000080000000, 0x0000000084300000, 0x00000000d5580000)
  object space 68608K, 6% used [0x0000000080000000,0x000000008046bb38,0x0000000084300000)
 Metaspace       used 17171K, committed 17792K, reserved 1114112K
  class space    used 1810K, committed 2112K, reserved 1048576K
}

Dll operation events (10 events):
Event: 0.086 Loaded shared library c:\Users\murum\.vscode\extensions\redhat.java-1.46.0-win32-x64\jre\21.0.8-win32-x86_64\bin\java.dll
Event: 0.281 Loaded shared library c:\Users\murum\.vscode\extensions\redhat.java-1.46.0-win32-x64\jre\21.0.8-win32-x86_64\bin\zip.dll
Event: 0.313 Loaded shared library C:\Users\murum\.vscode\extensions\redhat.java-1.46.0-win32-x64\jre\21.0.8-win32-x86_64\bin\instrument.dll
Event: 0.317 Loaded shared library C:\Users\murum\.vscode\extensions\redhat.java-1.46.0-win32-x64\jre\21.0.8-win32-x86_64\bin\net.dll
Event: 0.319 Loaded shared library C:\Users\murum\.vscode\extensions\redhat.java-1.46.0-win32-x64\jre\21.0.8-win32-x86_64\bin\nio.dll
Event: 0.322 Loaded shared library C:\Users\murum\.vscode\extensions\redhat.java-1.46.0-win32-x64\jre\21.0.8-win32-x86_64\bin\zip.dll
Event: 0.342 Loaded shared library C:\Users\murum\.vscode\extensions\redhat.java-1.46.0-win32-x64\jre\21.0.8-win32-x86_64\bin\jimage.dll
Event: 0.428 Loaded shared library c:\Users\murum\.vscode\extensions\redhat.java-1.46.0-win32-x64\jre\21.0.8-win32-x86_64\bin\verify.dll
Event: 13.411 Loaded shared library C:\Users\murum\AppData\Roaming\Code\User\globalStorage\redhat.java\1.46.0\config_ss_win\org.eclipse.equinox.launcher\org.eclipse.equinox.launcher.win32.win32.x86_64_1.2.1400.v20250801-0854\eclipse_11916.dll
Event: 14.681 Loaded shared library C:\Users\murum\AppData\Local\Temp\jna-104262626\jna16769098527809437573.dll

Deoptimization events (20 events):
Event: 14.847 Thread 0x000001f4ca149f60 Uncommon trap: trap_request=0xffffff45 fr.pc=0x000001f4f77cbe20 relative=0x00000000000010a0
Event: 14.847 Thread 0x000001f4ca149f60 Uncommon trap: reason=unstable_if action=reinterpret pc=0x000001f4f77cbe20 method=jdk.internal.org.objectweb.asm.Frame.execute(IILjdk/internal/org/objectweb/asm/Symbol;Ljdk/internal/org/objectweb/asm/SymbolTable;)V @ 1 c2
Event: 14.847 Thread 0x000001f4ca149f60 DEOPT PACKING pc=0x000001f4f77cbe20 sp=0x0000003d4a7f7a30
Event: 14.847 Thread 0x000001f4ca149f60 DEOPT UNPACKING pc=0x000001f4f7186da2 sp=0x0000003d4a7f79b8 mode 2
Event: 14.862 Thread 0x000001f4ca149f60 Uncommon trap: trap_request=0xffffffde fr.pc=0x000001f4f77c2f94 relative=0x00000000000003b4
Event: 14.862 Thread 0x000001f4ca149f60 Uncommon trap: reason=class_check action=maybe_recompile pc=0x000001f4f77c2f94 method=java.util.regex.Pattern$BmpCharPropertyGreedy.match(Ljava/util/regex/Matcher;ILjava/lang/CharSequence;)Z @ 70 c2
Event: 14.862 Thread 0x000001f4ca149f60 DEOPT PACKING pc=0x000001f4f77c2f94 sp=0x0000003d4a7ef120
Event: 14.862 Thread 0x000001f4ca149f60 DEOPT UNPACKING pc=0x000001f4f7186da2 sp=0x0000003d4a7ef0c8 mode 2
Event: 14.862 Thread 0x000001f4ca149f60 Uncommon trap: trap_request=0xffffffde fr.pc=0x000001f4f77c2f94 relative=0x00000000000003b4
Event: 14.862 Thread 0x000001f4ca149f60 Uncommon trap: reason=class_check action=maybe_recompile pc=0x000001f4f77c2f94 method=java.util.regex.Pattern$BmpCharPropertyGreedy.match(Ljava/util/regex/Matcher;ILjava/lang/CharSequence;)Z @ 70 c2
Event: 14.862 Thread 0x000001f4ca149f60 DEOPT PACKING pc=0x000001f4f77c2f94 sp=0x0000003d4a7eef70
Event: 14.862 Thread 0x000001f4ca149f60 DEOPT UNPACKING pc=0x000001f4f7186da2 sp=0x0000003d4a7eef18 mode 2
Event: 14.862 Thread 0x000001f4ca149f60 Uncommon trap: trap_request=0xffffffde fr.pc=0x000001f4f77c2f94 relative=0x00000000000003b4
Event: 14.862 Thread 0x000001f4ca149f60 Uncommon trap: reason=class_check action=maybe_recompile pc=0x000001f4f77c2f94 method=java.util.regex.Pattern$BmpCharPropertyGreedy.match(Ljava/util/regex/Matcher;ILjava/lang/CharSequence;)Z @ 70 c2
Event: 14.862 Thread 0x000001f4ca149f60 DEOPT PACKING pc=0x000001f4f77c2f94 sp=0x0000003d4a7ef130
Event: 14.862 Thread 0x000001f4ca149f60 DEOPT UNPACKING pc=0x000001f4f7186da2 sp=0x0000003d4a7ef0d8 mode 2
Event: 14.862 Thread 0x000001f4ca149f60 Uncommon trap: trap_request=0xffffffde fr.pc=0x000001f4f77c2f94 relative=0x00000000000003b4
Event: 14.862 Thread 0x000001f4ca149f60 Uncommon trap: reason=class_check action=maybe_recompile pc=0x000001f4f77c2f94 method=java.util.regex.Pattern$BmpCharPropertyGreedy.match(Ljava/util/regex/Matcher;ILjava/lang/CharSequence;)Z @ 70 c2
Event: 14.862 Thread 0x000001f4ca149f60 DEOPT PACKING pc=0x000001f4f77c2f94 sp=0x0000003d4a7eef80
Event: 14.862 Thread 0x000001f4ca149f60 DEOPT UNPACKING pc=0x000001f4f7186da2 sp=0x0000003d4a7eef28 mode 2

Classes loaded (20 events):
Event: 14.858 Loading class java/util/zip/GZIPInputStream
Event: 14.859 Loading class java/util/zip/GZIPInputStream done
Event: 14.865 Loading class java/io/StringReader
Event: 14.865 Loading class java/io/StringReader done
Event: 14.881 Loading class java/net/SocketTimeoutException
Event: 14.882 Loading class java/io/InterruptedIOException
Event: 14.882 Loading class java/io/InterruptedIOException done
Event: 14.882 Loading class java/net/SocketTimeoutException done
Event: 14.882 Loading class java/net/SocketException
Event: 14.882 Loading class java/net/SocketException done
Event: 14.882 Loading class java/net/UnknownHostException
Event: 14.882 Loading class java/net/UnknownHostException done
Event: 14.882 Loading class java/net/ProtocolException
Event: 14.882 Loading class java/net/ProtocolException done
Event: 14.905 Loading class java/lang/ThreadLocal$SuppliedThreadLocal
Event: 14.905 Loading class java/lang/ThreadLocal$SuppliedThreadLocal done
Event: 14.916 Loading class java/lang/NegativeArraySizeException
Event: 14.916 Loading class java/lang/NegativeArraySizeException done
Event: 14.916 Loading class java/io/FileWriter
Event: 14.916 Loading class java/io/FileWriter done

Classes unloaded (0 events):
No events

Classes redefined (0 events):
No events

Internal exceptions (20 events):
Event: 14.701 Thread 0x000001f4ca149f60 Exception <a 'java/lang/NoSuchMethodError'{0x00000000d63690b0}: 'void java.lang.invoke.DirectMethodHandle$Holder.invokeSpecial(java.lang.Object, java.lang.Object, java.lang.Object, int)'> (0x00000000d63690b0) 
thrown [s\src\hotspot\share\interpreter\linkResolver.cpp, line 773]
Event: 14.701 Thread 0x000001f4ca149f60 Exception <a 'java/lang/NoSuchMethodError'{0x00000000d636ca40}: 'void java.lang.invoke.DelegatingMethodHandle$Holder.reinvoke_L(java.lang.Object, java.lang.Object, int)'> (0x00000000d636ca40) 
thrown [s\src\hotspot\share\interpreter\linkResolver.cpp, line 773]
Event: 14.701 Thread 0x000001f4ca149f60 Exception <a 'java/lang/NoSuchMethodError'{0x00000000d6373728}: 'int java.lang.invoke.Invokers$Holder.invokeExact_MT(java.lang.Object, java.lang.Object, java.lang.Object)'> (0x00000000d6373728) 
thrown [s\src\hotspot\share\interpreter\linkResolver.cpp, line 773]
Event: 14.717 Thread 0x000001f4ca149f60 Exception <a 'java/lang/NoSuchMethodError'{0x00000000d6487388}: 'void java.lang.invoke.Invokers$Holder.invokeExact_MT(java.lang.Object, java.lang.Object, int, java.lang.Object)'> (0x00000000d6487388) 
thrown [s\src\hotspot\share\interpreter\linkResolver.cpp, line 773]
Event: 14.752 Thread 0x000001f4ca149f60 Exception <a 'java/lang/NoSuchMethodError'{0x00000000d658ac30}: 'java.lang.Object java.lang.invoke.DirectMethodHandle$Holder.invokeSpecial(java.lang.Object, java.lang.Object, java.lang.Object, long, java.lang.Object)'> (0x00000000d658ac30) 
thrown [s\src\hotspot\share\interpreter\linkResolver.cpp, line 773]
Event: 14.753 Thread 0x000001f4ca149f60 Exception <a 'java/lang/NoSuchMethodError'{0x00000000d65927b0}: 'java.lang.Object java.lang.invoke.DirectMethodHandle$Holder.newInvokeSpecial(java.lang.Object, java.lang.Object, java.lang.Object, long)'> (0x00000000d65927b0) 
thrown [s\src\hotspot\share\interpreter\linkResolver.cpp, line 773]
Event: 14.753 Thread 0x000001f4ca149f60 Exception <a 'java/lang/NoSuchMethodError'{0x00000000d6596ba0}: 'java.lang.Object java.lang.invoke.DirectMethodHandle$Holder.invokeSpecial(java.lang.Object, java.lang.Object, java.lang.Object, java.lang.Object, long)'> (0x00000000d6596ba0) 
thrown [s\src\hotspot\share\interpreter\linkResolver.cpp, line 773]
Event: 14.753 Thread 0x000001f4ca149f60 Exception <a 'java/lang/NoSuchMethodError'{0x00000000d659a7c0}: 'java.lang.Object java.lang.invoke.Invokers$Holder.linkToTargetMethod(java.lang.Object, java.lang.Object, long, java.lang.Object)'> (0x00000000d659a7c0) 
thrown [s\src\hotspot\share\interpreter\linkResolver.cpp, line 773]
Event: 14.762 Thread 0x000001f4ca149f60 Exception <a 'java/lang/NoSuchMethodError'{0x00000000d660c6e0}: 'int java.lang.invoke.DirectMethodHandle$Holder.invokeStaticInit(java.lang.Object, java.lang.Object, java.lang.Object)'> (0x00000000d660c6e0) 
thrown [s\src\hotspot\share\interpreter\linkResolver.cpp, line 773]
Event: 14.771 Thread 0x000001f4ca149f60 Exception <a 'java/lang/IncompatibleClassChangeError'{0x00000000d668e898}: Found class java.lang.Object, but interface was expected> (0x00000000d668e898) 
thrown [s\src\hotspot\share\interpreter\linkResolver.cpp, line 840]
Event: 14.775 Thread 0x000001f4ca149f60 Exception <a 'java/lang/NoSuchMethodError'{0x00000000d66a20a0}: 'java.lang.Object java.lang.invoke.DirectMethodHandle$Holder.invokeSpecial(java.lang.Object, java.lang.Object, java.lang.Object, int, java.lang.Object, java.lang.Object)'> (0x00000000d66a20a0) 
thrown [s\src\hotspot\share\interpreter\linkResolver.cpp, line 773]
Event: 14.776 Thread 0x000001f4ca149f60 Exception <a 'java/lang/NoSuchMethodError'{0x00000000d66a9b78}: 'java.lang.Object java.lang.invoke.DirectMethodHandle$Holder.newInvokeSpecial(java.lang.Object, java.lang.Object, java.lang.Object, int, java.lang.Object)'> (0x00000000d66a9b78) 
thrown [s\src\hotspot\share\interpreter\linkResolver.cpp, line 773]
Event: 14.776 Thread 0x000001f4ca149f60 Exception <a 'java/lang/NoSuchMethodError'{0x00000000d66adb38}: 'java.lang.Object java.lang.invoke.DirectMethodHandle$Holder.invokeSpecial(java.lang.Object, java.lang.Object, java.lang.Object, java.lang.Object, int, java.lang.Object)'> (0x00000000d66adb38) 
thrown [s\src\hotspot\share\interpreter\linkResolver.cpp, line 773]
Event: 14.776 Thread 0x000001f4ca149f60 Exception <a 'java/lang/NoSuchMethodError'{0x00000000d66b1678}: 'java.lang.Object java.lang.invoke.Invokers$Holder.linkToTargetMethod(java.lang.Object, java.lang.Object, int, java.lang.Object, java.lang.Object)'> (0x00000000d66b1678) 
thrown [s\src\hotspot\share\interpreter\linkResolver.cpp, line 773]
Event: 14.777 Thread 0x000001f4cafb8580 Exception <a 'java/lang/NoSuchMethodError'{0x00000000d65c7f90}: 'java.lang.Object java.lang.invoke.DirectMethodHandle$Holder.invokeSpecial(java.lang.Object, java.lang.Object, int, java.lang.Object, java.lang.Object)'> (0x00000000d65c7f90) 
thrown [s\src\hotspot\share\interpreter\linkResolver.cpp, line 773]
Event: 14.777 Thread 0x000001f4cafb8580 Exception <a 'java/lang/NoSuchMethodError'{0x00000000d65cecc8}: 'java.lang.Object java.lang.invoke.DirectMethodHandle$Holder.newInvokeSpecial(java.lang.Object, java.lang.Object, int, java.lang.Object)'> (0x00000000d65cecc8) 
thrown [s\src\hotspot\share\interpreter\linkResolver.cpp, line 773]
Event: 14.778 Thread 0x000001f4cafb8580 Exception <a 'java/lang/NoSuchMethodError'{0x00000000d65d25e8}: 'java.lang.Object java.lang.invoke.DirectMethodHandle$Holder.invokeSpecial(java.lang.Object, java.lang.Object, java.lang.Object, int, java.lang.Object)'> (0x00000000d65d25e8) 
thrown [s\src\hotspot\share\interpreter\linkResolver.cpp, line 773]
Event: 14.796 Thread 0x000001f4ca149f60 Exception <a 'java/lang/NoSuchMethodError'{0x00000000d67d2590}: 'void java.lang.invoke.DirectMethodHandle$Holder.invokeSpecial(java.lang.Object, java.lang.Object, java.lang.Object, java.lang.Object, java.lang.Object)'> (0x00000000d67d2590) 
thrown [s\src\hotspot\share\interpreter\linkResolver.cpp, line 773]
Event: 14.847 Thread 0x000001f4ca149f60 Exception <a 'java/lang/NoSuchMethodError'{0x00000000d69f4d90}: 'double java.lang.invoke.DirectMethodHandle$Holder.invokeStatic(java.lang.Object, java.lang.Object)'> (0x00000000d69f4d90) 
thrown [s\src\hotspot\share\interpreter\linkResolver.cpp, line 773]
Event: 14.847 Thread 0x000001f4ca149f60 Exception <a 'java/lang/NoSuchMethodError'{0x00000000d69f8450}: 'double java.lang.invoke.DirectMethodHandle$Holder.invokeStaticInit(java.lang.Object, java.lang.Object)'> (0x00000000d69f8450) 
thrown [s\src\hotspot\share\interpreter\linkResolver.cpp, line 773]

ZGC Phase Switch (0 events):
No events

VM Operations (20 events):
Event: 2.529 Executing VM operation: Cleanup
Event: 2.529 Executing VM operation: Cleanup done
Event: 13.128 Executing VM operation: ParallelGCFailedAllocation (Allocation Failure)
Event: 13.138 Executing VM operation: ParallelGCFailedAllocation (Allocation Failure) done
Event: 13.326 Executing VM operation: HandshakeAllThreads (Deoptimize)
Event: 13.415 Executing VM operation: HandshakeAllThreads (Deoptimize) done
Event: 13.910 Executing VM operation: HandshakeAllThreads (Deoptimize)
Event: 13.910 Executing VM operation: HandshakeAllThreads (Deoptimize) done
Event: 14.043 Executing VM operation: ParallelGCFailedAllocation (Allocation Failure)
Event: 14.050 Executing VM operation: ParallelGCFailedAllocation (Allocation Failure) done
Event: 14.108 Executing VM operation: HandshakeAllThreads (Deoptimize)
Event: 14.108 Executing VM operation: HandshakeAllThreads (Deoptimize) done
Event: 14.111 Executing VM operation: HandshakeAllThreads (Deoptimize)
Event: 14.111 Executing VM operation: HandshakeAllThreads (Deoptimize) done
Event: 14.122 Executing VM operation: HandshakeAllThreads (Deoptimize)
Event: 14.122 Executing VM operation: HandshakeAllThreads (Deoptimize) done
Event: 14.688 Executing VM operation: HandshakeAllThreads (Deoptimize)
Event: 14.688 Executing VM operation: HandshakeAllThreads (Deoptimize) done
Event: 14.918 Executing VM operation: ParallelGCFailedAllocation (Allocation Failure)
Event: 14.922 Executing VM operation: ParallelGCFailedAllocation (Allocation Failure) done

Memory protections (0 events):
No events

Nmethod flushes (0 events):
No events

Events (20 events):
Event: 0.209 Thread 0x000001f4eca0edd0 Thread added: 0x000001f4ff480440
Event: 0.209 Thread 0x000001f4eca0edd0 Thread added: 0x000001f4ff483410
Event: 0.209 Thread 0x000001f4eca0edd0 Thread added: 0x000001f4ff4884f0
Event: 0.261 Thread 0x000001f4eca0edd0 Thread added: 0x000001f4ca0908f0
Event: 0.294 Thread 0x000001f4ff483410 Thread added: 0x000001f4ca149f60
Event: 0.496 Thread 0x000001f4eca0edd0 Thread added: 0x000001f4ca3fe840
Event: 0.694 Thread 0x000001f4ff4884f0 Thread added: 0x000001f4ca4f01c0
Event: 1.455 Thread 0x000001f4eca0edd0 Thread added: 0x000001f4ca786f00
Event: 1.772 Thread 0x000001f4ca149f60 Thread exited: 0x000001f4ca149f60
Event: 1.772 Thread 0x000001f4ca4f01c0 Thread exited: 0x000001f4ca4f01c0
Event: 13.060 Thread 0x000001f4eca0edd0 Thread added: 0x000001f4cac8dad0
Event: 13.068 Thread 0x000001f4eca0edd0 Thread added: 0x000001f4ca149f60
Event: 13.312 Thread 0x000001f4ca149f60 Thread added: 0x000001f4ca970cb0
Event: 13.631 Thread 0x000001f4ff4884f0 Thread added: 0x000001f4ca9699b0
Event: 13.905 Thread 0x000001f4ca9699b0 Thread exited: 0x000001f4ca9699b0
Event: 13.939 Thread 0x000001f4ca149f60 Thread added: 0x000001f4ca6b71e0
Event: 14.707 Thread 0x000001f4ca149f60 Thread added: 0x000001f4cab85210
Event: 14.755 Thread 0x000001f4ca149f60 Thread added: 0x000001f4cafb8580
Event: 14.778 Thread 0x000001f4ca149f60 Thread added: 0x000001f4ca4a7210
Event: 14.868 Thread 0x000001f4ff4884f0 Thread added: 0x000001f4cb3bc340


Dynamic libraries:
0x00007ff64ce00000 - 0x00007ff64ce0e000 	c:\Users\murum\.vscode\extensions\redhat.java-1.46.0-win32-x64\jre\21.0.8-win32-x86_64\bin\java.exe
0x00007ffb763f0000 - 0x00007ffb76607000 	C:\WINDOWS\SYSTEM32\ntdll.dll
0x00007ffb75700000 - 0x00007ffb757c4000 	C:\WINDOWS\System32\KERNEL32.DLL
0x00007ffb73820000 - 0x00007ffb73bf3000 	C:\WINDOWS\System32\KERNELBASE.dll
0x00007ffb73f70000 - 0x00007ffb74081000 	C:\WINDOWS\System32\ucrtbase.dll
0x00007ffb644a0000 - 0x00007ffb644b8000 	c:\Users\murum\.vscode\extensions\redhat.java-1.46.0-win32-x64\jre\21.0.8-win32-x86_64\bin\jli.dll
0x00007ffb746c0000 - 0x00007ffb74872000 	C:\WINDOWS\System32\USER32.dll
0x00007ffb59f90000 - 0x00007ffb59fae000 	c:\Users\murum\.vscode\extensions\redhat.java-1.46.0-win32-x64\jre\21.0.8-win32-x86_64\bin\VCRUNTIME140.dll
0x00007ffb73570000 - 0x00007ffb73596000 	C:\WINDOWS\System32\win32u.dll
0x00007ffb74c90000 - 0x00007ffb74cb9000 	C:\WINDOWS\System32\GDI32.dll
0x00007ffb58c50000 - 0x00007ffb58eec000 	C:\WINDOWS\WinSxS\amd64_microsoft.windows.common-controls_6595b64144ccf1df_6.0.22621.5983_none_2714a6b37381578e\COMCTL32.dll
0x00007ffb73da0000 - 0x00007ffb73ec3000 	C:\WINDOWS\System32\gdi32full.dll
0x00007ffb73ed0000 - 0x00007ffb73f6a000 	C:\WINDOWS\System32\msvcp_win.dll
0x00007ffb75560000 - 0x00007ffb75607000 	C:\WINDOWS\System32\msvcrt.dll
0x00007ffb762c0000 - 0x00007ffb762f1000 	C:\WINDOWS\System32\IMM32.DLL
0x00007ffb66d80000 - 0x00007ffb66d8c000 	c:\Users\murum\.vscode\extensions\redhat.java-1.46.0-win32-x64\jre\21.0.8-win32-x86_64\bin\vcruntime140_1.dll
0x00007ffb316f0000 - 0x00007ffb3177d000 	c:\Users\murum\.vscode\extensions\redhat.java-1.46.0-win32-x64\jre\21.0.8-win32-x86_64\bin\msvcp140.dll
0x00007ffb032b0000 - 0x00007ffb04047000 	c:\Users\murum\.vscode\extensions\redhat.java-1.46.0-win32-x64\jre\21.0.8-win32-x86_64\bin\server\jvm.dll
0x00007ffb74600000 - 0x00007ffb746b1000 	C:\WINDOWS\System32\ADVAPI32.dll
0x00007ffb75650000 - 0x00007ffb756f8000 	C:\WINDOWS\System32\sechost.dll
0x00007ffb73d70000 - 0x00007ffb73d98000 	C:\WINDOWS\System32\bcrypt.dll
0x00007ffb75830000 - 0x00007ffb75948000 	C:\WINDOWS\System32\RPCRT4.dll
0x00007ffb74530000 - 0x00007ffb745a1000 	C:\WINDOWS\System32\WS2_32.dll
0x00007ffb733c0000 - 0x00007ffb7340d000 	C:\WINDOWS\SYSTEM32\POWRPROF.dll
0x00007ffb69f70000 - 0x00007ffb69f7a000 	C:\WINDOWS\SYSTEM32\VERSION.dll
0x00007ffb6a580000 - 0x00007ffb6a5b4000 	C:\WINDOWS\SYSTEM32\WINMM.dll
0x00007ffb733a0000 - 0x00007ffb733b3000 	C:\WINDOWS\SYSTEM32\UMPDC.dll
0x00007ffb724c0000 - 0x00007ffb724d8000 	C:\WINDOWS\SYSTEM32\kernel.appcore.dll
0x00007ffb66a40000 - 0x00007ffb66a4a000 	c:\Users\murum\.vscode\extensions\redhat.java-1.46.0-win32-x64\jre\21.0.8-win32-x86_64\bin\jimage.dll
0x00007ffb70840000 - 0x00007ffb70a73000 	C:\WINDOWS\SYSTEM32\DBGHELP.DLL
0x00007ffb74880000 - 0x00007ffb74c11000 	C:\WINDOWS\System32\combase.dll
0x00007ffb75f70000 - 0x00007ffb76048000 	C:\WINDOWS\System32\OLEAUT32.dll
0x00007ffb67820000 - 0x00007ffb67852000 	C:\WINDOWS\SYSTEM32\dbgcore.DLL
0x00007ffb73660000 - 0x00007ffb736db000 	C:\WINDOWS\System32\bcryptPrimitives.dll
0x00007ffb668d0000 - 0x00007ffb668df000 	c:\Users\murum\.vscode\extensions\redhat.java-1.46.0-win32-x64\jre\21.0.8-win32-x86_64\bin\instrument.dll
0x00007ffb592f0000 - 0x00007ffb5930f000 	c:\Users\murum\.vscode\extensions\redhat.java-1.46.0-win32-x64\jre\21.0.8-win32-x86_64\bin\java.dll
0x00007ffb74cc0000 - 0x00007ffb7555e000 	C:\WINDOWS\System32\SHELL32.dll
0x00007ffb736e0000 - 0x00007ffb7381f000 	C:\WINDOWS\System32\wintypes.dll
0x00007ffb713d0000 - 0x00007ffb71ce8000 	C:\WINDOWS\SYSTEM32\windows.storage.dll
0x00007ffb75df0000 - 0x00007ffb75ef4000 	C:\WINDOWS\System32\SHCORE.dll
0x00007ffb75f00000 - 0x00007ffb75f69000 	C:\WINDOWS\System32\shlwapi.dll
0x00007ffb73420000 - 0x00007ffb73445000 	C:\WINDOWS\SYSTEM32\profapi.dll
0x00007ffb57be0000 - 0x00007ffb57bf8000 	c:\Users\murum\.vscode\extensions\redhat.java-1.46.0-win32-x64\jre\21.0.8-win32-x86_64\bin\zip.dll
0x00007ffb66790000 - 0x00007ffb667a0000 	C:\Users\murum\.vscode\extensions\redhat.java-1.46.0-win32-x64\jre\21.0.8-win32-x86_64\bin\net.dll
0x00007ffb6b360000 - 0x00007ffb6b48c000 	C:\WINDOWS\SYSTEM32\WINHTTP.dll
0x00007ffb729a0000 - 0x00007ffb72a09000 	C:\WINDOWS\system32\mswsock.dll
0x00007ffb55400000 - 0x00007ffb55416000 	C:\Users\murum\.vscode\extensions\redhat.java-1.46.0-win32-x64\jre\21.0.8-win32-x86_64\bin\nio.dll
0x00007ffb66330000 - 0x00007ffb66340000 	c:\Users\murum\.vscode\extensions\redhat.java-1.46.0-win32-x64\jre\21.0.8-win32-x86_64\bin\verify.dll
0x00007ffb3deb0000 - 0x00007ffb3def4000 	C:\Users\murum\AppData\Roaming\Code\User\globalStorage\redhat.java\1.46.0\config_ss_win\org.eclipse.equinox.launcher\org.eclipse.equinox.launcher.win32.win32.x86_64_1.2.1400.v20250801-0854\eclipse_11916.dll
0x00007ffb75af0000 - 0x00007ffb75c90000 	C:\WINDOWS\System32\ole32.dll
0x00007ffb72bf0000 - 0x00007ffb72c0b000 	C:\WINDOWS\SYSTEM32\CRYPTSP.dll
0x00007ffb72420000 - 0x00007ffb72457000 	C:\WINDOWS\system32\rsaenh.dll
0x00007ffb72a90000 - 0x00007ffb72ab8000 	C:\WINDOWS\SYSTEM32\USERENV.dll
0x00007ffb72c10000 - 0x00007ffb72c1c000 	C:\WINDOWS\SYSTEM32\CRYPTBASE.dll
0x00007ffb71f90000 - 0x00007ffb71fbd000 	C:\WINDOWS\SYSTEM32\IPHLPAPI.DLL
0x00007ffb76050000 - 0x00007ffb76059000 	C:\WINDOWS\System32\NSI.dll
0x00007ffb37d20000 - 0x00007ffb37d69000 	C:\Users\murum\AppData\Local\Temp\jna-104262626\jna16769098527809437573.dll
0x00007ffb75640000 - 0x00007ffb75648000 	C:\WINDOWS\System32\PSAPI.DLL

JVMTI agents:
c:\Users\murum\.vscode\extensions\redhat.java-1.46.0-win32-x64\lombok\lombok-1.18.39-4050.jar path:c:\Users\murum\.vscode\extensions\redhat.java-1.46.0-win32-x64\jre\21.0.8-win32-x86_64\bin\instrument.dll, loaded, initialized, instrumentlib options:none

dbghelp: loaded successfully - version: 4.0.5 - missing functions: none
symbol engine: initialized successfully - sym options: 0x614 - pdb path: .;c:\Users\murum\.vscode\extensions\redhat.java-1.46.0-win32-x64\jre\21.0.8-win32-x86_64\bin;C:\WINDOWS\SYSTEM32;C:\WINDOWS\WinSxS\amd64_microsoft.windows.common-controls_6595b64144ccf1df_6.0.22621.5983_none_2714a6b37381578e;c:\Users\murum\.vscode\extensions\redhat.java-1.46.0-win32-x64\jre\21.0.8-win32-x86_64\bin\server;C:\Users\murum\AppData\Roaming\Code\User\globalStorage\redhat.java\1.46.0\config_ss_win\org.eclipse.equinox.launcher\org.eclipse.equinox.launcher.win32.win32.x86_64_1.2.1400.v20250801-0854;C:\Users\murum\AppData\Local\Temp\jna-104262626

VM Arguments:
jvm_args: --add-modules=ALL-SYSTEM --add-opens=java.base/java.util=ALL-UNNAMED --add-opens=java.base/java.lang=ALL-UNNAMED --add-opens=java.base/sun.nio.fs=ALL-UNNAMED -Declipse.application=org.eclipse.jdt.ls.core.id1 -Dosgi.bundles.defaultStartLevel=4 -Declipse.product=org.eclipse.jdt.ls.core.product -Djava.import.generatesMetadataFilesAtProjectRoot=false -DDetectVMInstallationsJob.disabled=true -Dfile.encoding=utf8 -XX:+UseParallelGC -XX:GCTimeRatio=4 -XX:AdaptiveSizePolicyWeight=90 -Dsun.zip.disableMemoryMapping=true -Xmx2G -Xms100m -Xlog:disable -javaagent:c:\Users\murum\.vscode\extensions\redhat.java-1.46.0-win32-x64\lombok\lombok-1.18.39-4050.jar 
java_command: c:\Users\murum\.vscode\extensions\redhat.java-1.46.0-win32-x64\server\plugins\org.eclipse.equinox.launcher_1.7.0.v20250519-0528.jar -configuration c:\Users\murum\AppData\Roaming\Code\User\globalStorage\redhat.java\1.46.0\config_ss_win -data c:\Users\murum\AppData\Roaming\Code\User\workspaceStorage\e6e2e0598e42d56deb2504da3df6b146\redhat.java\ss_ws --pipe=\\.\pipe\lsp-3079f487878e39402c8e4d318230d2ac-sock
java_class_path (initial): c:\Users\murum\.vscode\extensions\redhat.java-1.46.0-win32-x64\server\plugins\org.eclipse.equinox.launcher_1.7.0.v20250519-0528.jar
Launcher Type: SUN_STANDARD

[Global flags]
    uintx AdaptiveSizePolicyWeight                 = 90                                        {product} {command line}
     intx CICompilerCount                          = 4                                         {product} {ergonomic}
    uintx GCTimeRatio                              = 4                                         {product} {command line}
   size_t InitialHeapSize                          = 104857600                                 {product} {command line}
   size_t MaxHeapSize                              = 2147483648                                {product} {command line}
   size_t MaxNewSize                               = 715653120                                 {product} {ergonomic}
   size_t MinHeapDeltaBytes                        = 524288                                    {product} {ergonomic}
   size_t MinHeapSize                              = 104857600                                 {product} {command line}
   size_t NewSize                                  = 34603008                                  {product} {ergonomic}
    uintx NonNMethodCodeHeapSize                   = 5839372                                {pd product} {ergonomic}
    uintx NonProfiledCodeHeapSize                  = 122909434                              {pd product} {ergonomic}
   size_t OldSize                                  = 70254592                                  {product} {ergonomic}
    uintx ProfiledCodeHeapSize                     = 122909434                              {pd product} {ergonomic}
    uintx ReservedCodeCacheSize                    = 251658240                              {pd product} {ergonomic}
     bool SegmentedCodeCache                       = true                                      {product} {ergonomic}
   size_t SoftMaxHeapSize                          = 2147483648                             {manageable} {ergonomic}
     bool UseCompressedOops                        = true                           {product lp64_product} {ergonomic}
     bool UseLargePagesIndividualAllocation        = false                                  {pd product} {ergonomic}
     bool UseParallelGC                            = true                                      {product} {command line}

Logging:
Log output configuration:
 #0: stdout all=off uptime,level,tags foldmultilines=false
 #1: stderr all=off uptime,level,tags foldmultilines=false

Environment Variables:
PATH=C:\Python313\Scripts\;C:\Python313\;C:\Program Files\Common Files\Oracle\Java\javapath;C:\Windows\system32;C:\Windows;C:\Windows\System32\Wbem;C:\Windows\System32\WindowsPowerShell\v1.0\;C:\Windows\System32\OpenSSH\;C:\Program Files\NVIDIA Corporation\NVIDIA NvDLISR;C:\WINDOWS\system32;C:\WINDOWS;C:\WINDOWS\System32\Wbem;C:\WINDOWS\System32\WindowsPowerShell\v1.0\;C:\WINDOWS\System32\OpenSSH\;C:\Program Files\Java\jdk-21\bin;C:\Program Files\Git\cmd;C:\Users\murum\OneDrive\Desktop\projects\apache-maven-3.9.11;C:\Users\murum\OneDrive\Desktop\projects\apache-maven-3.9.11\bin;C:\Program Files\nodejs\;C:\ProgramData\chocolatey\bin;C:\Users\murum\AppData\Local\Microsoft\WindowsApps;C:\Program Files\sf\bin;C:\Users\murum\Downloads\apache-maven-3.9.11-bin.zip;C:\Users\murum\OneDrive\Desktop\projects\apache-maven-3.9.11;C:\Program Files\sf\bin;C:\Users\murum\AppData\Local\Programs\Microsoft VS Code\bin;C:\Users\murum\AppData\Roaming\npm
USERNAME=murum
OS=Windows_NT
PROCESSOR_IDENTIFIER=Intel64 Family 6 Model 140 Stepping 1, GenuineIntel
TMP=C:\Users\murum\AppData\Local\Temp
TEMP=C:\Users\murum\AppData\Local\Temp




Periodic native trim disabled

---------------  S Y S T E M  ---------------

OS:
 Windows 11 , 64 bit Build 22621 (10.0.22621.5415)
OS uptime: 3 days 2:09 hours

CPU: total 8 (initial active 8) (4 cores per cpu, 2 threads per core) family 6 model 140 stepping 1 microcode 0xbc, cx8, cmov, fxsr, ht, mmx, 3dnowpref, sse, sse2, sse3, ssse3, sse4.1, sse4.2, popcnt, lzcnt, tsc, tscinvbit, avx, avx2, aes, erms, clmul, bmi1, bmi2, adx, avx512f, avx512dq, avx512cd, avx512bw, avx512vl, sha, fma, vzeroupper, avx512_vpopcntdq, avx512_vpclmulqdq, avx512_vaes, avx512_vnni, clflush, clflushopt, clwb, avx512_vbmi2, avx512_vbmi, rdtscp, rdpid, fsrm, gfni, avx512_bitalg, f16c, pku, cet_ibt, cet_ss, avx512_ifma
Processor Information for processor 0
  Max Mhz: 2419, Current Mhz: 2419, Mhz Limit: 2419
Processor Information for processor 1
  Max Mhz: 2419, Current Mhz: 1007, Mhz Limit: 2419
Processor Information for processor 2
  Max Mhz: 2419, Current Mhz: 2419, Mhz Limit: 2419
Processor Information for processor 3
  Max Mhz: 2419, Current Mhz: 2419, Mhz Limit: 2419
Processor Information for processor 4
  Max Mhz: 2419, Current Mhz: 2419, Mhz Limit: 2419
Processor Information for processor 5
  Max Mhz: 2419, Current Mhz: 2419, Mhz Limit: 2419
Processor Information for processor 6
  Max Mhz: 2419, Current Mhz: 2419, Mhz Limit: 2419
Processor Information for processor 7
  Max Mhz: 2419, Current Mhz: 2419, Mhz Limit: 2419

Memory: 4k page, system-wide physical 7918M (396M free)
TotalPageFile size 12846M (AvailPageFile size 3M)
current process WorkingSet (physical memory assigned to process): 126M, peak: 126M
current process commit charge ("private bytes"): 266M, peak: 267M

vm_info: OpenJDK 64-Bit Server VM (21.0.8+9-LTS) for windows-amd64 JRE (21.0.8+9-LTS), built on 2025-07-15T00:00:00Z by "admin" with MS VC++ 17.7 (VS2022)

END.
